   1              		.cpu cortex-m0
   2              		.fpu softvfp
   3              		.eabi_attribute 20, 1
   4              		.eabi_attribute 21, 1
   5              		.eabi_attribute 23, 3
   6              		.eabi_attribute 24, 1
   7              		.eabi_attribute 25, 1
   8              		.eabi_attribute 26, 1
   9              		.eabi_attribute 30, 6
  10              		.eabi_attribute 34, 0
  11              		.eabi_attribute 18, 4
  12              		.code	16
  13              		.file	"TFC.c"
  14              		.text
  15              	.Ltext0:
  16              		.cfi_sections	.debug_frame
  17              		.section	.text.TFC_Init,"ax",%progbits
  18              		.align	2
  19              		.global	TFC_Init
  20              		.code	16
  21              		.thumb_func
  23              	TFC_Init:
  24              	.LFB0:
  25              		.file 1 "../sources/TFC/TFC.c"
   1:../sources/TFC/TFC.c **** #include "TFC\TFC.h"
   2:../sources/TFC/TFC.c **** 
   3:../sources/TFC/TFC.c **** 
   4:../sources/TFC/TFC.c **** void TFC_Init()
   5:../sources/TFC/TFC.c **** {
  26              		.loc 1 5 0
  27              		.cfi_startproc
  28 0000 80B5     		push	{r7, lr}
  29              	.LCFI0:
  30              		.cfi_def_cfa_offset 8
  31              		.cfi_offset 7, -8
  32              		.cfi_offset 14, -4
  33 0002 00AF     		add	r7, sp, #0
  34              	.LCFI1:
  35              		.cfi_def_cfa_register 7
   6:../sources/TFC/TFC.c **** 	TFC_InitClock();
  36              		.loc 1 6 0
  37 0004 FFF7FEFF 		bl	TFC_InitClock
   7:../sources/TFC/TFC.c **** 	TFC_InitSysTick();
  38              		.loc 1 7 0
  39 0008 FFF7FEFF 		bl	TFC_InitSysTick
   8:../sources/TFC/TFC.c **** 	TFC_InitGPIO();
  40              		.loc 1 8 0
  41 000c FFF7FEFF 		bl	TFC_InitGPIO
   9:../sources/TFC/TFC.c **** 	TFC_InitServos();
  42              		.loc 1 9 0
  43 0010 FFF7FEFF 		bl	TFC_InitServos
  10:../sources/TFC/TFC.c **** 	TFC_InitMotorPWM();
  44              		.loc 1 10 0
  45 0014 FFF7FEFF 		bl	TFC_InitMotorPWM
  11:../sources/TFC/TFC.c ****     TFC_InitADCs();
  46              		.loc 1 11 0
  47 0018 FFF7FEFF 		bl	TFC_InitADCs
  12:../sources/TFC/TFC.c ****     TFC_InitLineScanCamera();
  48              		.loc 1 12 0
  49 001c FFF7FEFF 		bl	TFC_InitLineScanCamera
  13:../sources/TFC/TFC.c ****     TFC_InitTerminal();
  50              		.loc 1 13 0
  51 0020 FFF7FEFF 		bl	TFC_InitTerminal
  14:../sources/TFC/TFC.c **** 	TFC_InitUARTs();
  52              		.loc 1 14 0
  53 0024 FFF7FEFF 		bl	TFC_InitUARTs
  15:../sources/TFC/TFC.c **** 	TFC_HBRIDGE_DISABLE;
  54              		.loc 1 15 0
  55 0028 024B     		ldr	r3, .L2
  56 002a 8022     		mov	r2, #128
  57 002c 9203     		lsl	r2, r2, #14
  58 002e 9A60     		str	r2, [r3, #8]
  16:../sources/TFC/TFC.c **** 	//TFC_SetMotorPWM(0,0); // Since its done by TFC_InitMotorPWM()
  17:../sources/TFC/TFC.c **** 	
  18:../sources/TFC/TFC.c **** }
  59              		.loc 1 18 0
  60 0030 BD46     		mov	sp, r7
  61              		@ sp needed for prologue
  62 0032 80BD     		pop	{r7, pc}
  63              	.L3:
  64              		.align	2
  65              	.L2:
  66 0034 00F10F40 		.word	1074786560
  67              		.cfi_endproc
  68              	.LFE0:
  70              		.section	.text.TFC_Task,"ax",%progbits
  71              		.align	2
  72              		.global	TFC_Task
  73              		.code	16
  74              		.thumb_func
  76              	TFC_Task:
  77              	.LFB1:
  19:../sources/TFC/TFC.c **** 
  20:../sources/TFC/TFC.c **** void TFC_Task()
  21:../sources/TFC/TFC.c **** {
  78              		.loc 1 21 0
  79              		.cfi_startproc
  80 0000 80B5     		push	{r7, lr}
  81              	.LCFI2:
  82              		.cfi_def_cfa_offset 8
  83              		.cfi_offset 7, -8
  84              		.cfi_offset 14, -4
  85 0002 00AF     		add	r7, sp, #0
  86              	.LCFI3:
  87              		.cfi_def_cfa_register 7
  22:../sources/TFC/TFC.c **** 	#if defined(TERMINAL_USE_SDA_SERIAL)
  23:../sources/TFC/TFC.c **** 		TFC_UART_Process();
  88              		.loc 1 23 0
  89 0004 FFF7FEFF 		bl	TFC_UART_Process
  24:../sources/TFC/TFC.c **** 	#endif
  25:../sources/TFC/TFC.c **** 	 
  26:../sources/TFC/TFC.c ****     TFC_ProcessTerminal();
  90              		.loc 1 26 0
  91 0008 FFF7FEFF 		bl	TFC_ProcessTerminal
  27:../sources/TFC/TFC.c **** }
  92              		.loc 1 27 0
  93 000c BD46     		mov	sp, r7
  94              		@ sp needed for prologue
  95 000e 80BD     		pop	{r7, pc}
  96              		.cfi_endproc
  97              	.LFE1:
  99              		.text
 100              	.Letext0:
 101              		.file 2 "H:/CodeWarrior/freescale-line/freescale-line/Project_Headers/MKL25Z4.h"
 102              		.file 3 "C:/Freescale/CW MCU v10.5/MCU/ARM_GCC_Support/ewl/EWL_C/include/cstdint"
DEFINED SYMBOLS
                            *ABS*:00000000 TFC.c
C:\Users\TAMIMI~1\AppData\Local\Temp\ccqsjPu8.s:18     .text.TFC_Init:00000000 $t
C:\Users\TAMIMI~1\AppData\Local\Temp\ccqsjPu8.s:23     .text.TFC_Init:00000000 TFC_Init
C:\Users\TAMIMI~1\AppData\Local\Temp\ccqsjPu8.s:66     .text.TFC_Init:00000034 $d
C:\Users\TAMIMI~1\AppData\Local\Temp\ccqsjPu8.s:71     .text.TFC_Task:00000000 $t
C:\Users\TAMIMI~1\AppData\Local\Temp\ccqsjPu8.s:76     .text.TFC_Task:00000000 TFC_Task
                     .debug_frame:00000010 $d

UNDEFINED SYMBOLS
TFC_InitClock
TFC_InitSysTick
TFC_InitGPIO
TFC_InitServos
TFC_InitMotorPWM
TFC_InitADCs
TFC_InitLineScanCamera
TFC_InitTerminal
TFC_InitUARTs
TFC_UART_Process
TFC_ProcessTerminal
