   1              		.cpu cortex-m0
   2              		.fpu softvfp
   3              		.eabi_attribute 20, 1
   4              		.eabi_attribute 21, 1
   5              		.eabi_attribute 23, 3
   6              		.eabi_attribute 24, 1
   7              		.eabi_attribute 25, 1
   8              		.eabi_attribute 26, 1
   9              		.eabi_attribute 30, 6
  10              		.eabi_attribute 34, 0
  11              		.eabi_attribute 18, 4
  12              		.code	16
  13              		.file	"TFC_Terminal.c"
  14              		.text
  15              	.Ltext0:
  16              		.cfi_sections	.debug_frame
  17              		.global	MyTerminalCallbackRecords
  18              		.section	.rodata
  19              		.align	2
  20              	.LC0:
  21 0000 68656C70 		.ascii	"help\000"
  21      00
  22 0005 000000   		.align	2
  23              	.LC1:
  24 0008 4C697374 		.ascii	"Lists available commands\000"
  24      73206176 
  24      61696C61 
  24      626C6520 
  24      636F6D6D 
  25 0021 000000   		.align	2
  26              	.LC2:
  27 0024 4C00     		.ascii	"L\000"
  28 0026 0000     		.align	2
  29              	.LC3:
  30 0028 44697370 		.ascii	"Displays linescan camera data\000"
  30      6C617973 
  30      206C696E 
  30      65736361 
  30      6E206361 
  31 0046 0000     		.align	2
  32              	.LC4:
  33 0048 5300     		.ascii	"S\000"
  34 004a 0000     		.align	2
  35              	.LC5:
  36 004c 436F6D6D 		.ascii	"Commands the servos to a position\000"
  36      616E6473 
  36      20746865 
  36      20736572 
  36      766F7320 
  37 006e 0000     		.align	2
  38              	.LC6:
  39 0070 4800     		.ascii	"H\000"
  40 0072 0000     		.align	2
  41              	.LC7:
  42 0074 436F6D6D 		.ascii	"Commands the H-Bridges\000"
  42      616E6473 
  42      20746865 
  42      20482D42 
  42      72696467 
  43 008b 00       		.align	2
  44              	.LC8:
  45 008c 4500     		.ascii	"E\000"
  46 008e 0000     		.align	2
  47              	.LC9:
  48 0090 456E6162 		.ascii	"Enables the H-Bridges\000"
  48      6C657320 
  48      74686520 
  48      482D4272 
  48      69646765 
  49 00a6 0000     		.align	2
  50              	.LC10:
  51 00a8 4400     		.ascii	"D\000"
  52 00aa 0000     		.align	2
  53              	.LC11:
  54 00ac 44697361 		.ascii	"Disables the H-Bridges\000"
  54      626C6573 
  54      20746865 
  54      20482D42 
  54      72696467 
  55              		.section	.data.MyTerminalCallbackRecords,"aw",%progbits
  56              		.align	2
  59              	MyTerminalCallbackRecords:
  60 0000 00000000 		.word	.LC0
  61 0004 00000000 		.word	TerminalCmd_Help
  62 0008 08000000 		.word	.LC1
  63 000c 24000000 		.word	.LC2
  64 0010 00000000 		.word	TerminalCmd_GetLineScan
  65 0014 28000000 		.word	.LC3
  66 0018 48000000 		.word	.LC4
  67 001c 00000000 		.word	TerminalCmd_S
  68 0020 4C000000 		.word	.LC5
  69 0024 70000000 		.word	.LC6
  70 0028 00000000 		.word	TerminalCmd_H
  71 002c 74000000 		.word	.LC7
  72 0030 8C000000 		.word	.LC8
  73 0034 00000000 		.word	TerminalCmd_E
  74 0038 90000000 		.word	.LC9
  75 003c A8000000 		.word	.LC10
  76 0040 00000000 		.word	TerminalCmd_D
  77 0044 AC000000 		.word	.LC11
  78              		.comm	TerminalLineBuf,64,4
  79              		.comm	TerminalPos,1,1
  80              		.comm	TerminalCmdBuf,33,4
  81              		.comm	TerminalArgs,32,4
  82              		.comm	NextCharIn,1,1
  83              		.comm	CmdFound,1,1
  84              		.section	.rodata
  85 00c3 00       		.align	2
  86              	.LC13:
  87 00c4 0D0A0D0A 		.ascii	"\015\012\015\012\000"
  87      00
  88 00c9 000000   		.align	2
  89              	.LC15:
  90 00cc 2A2A2A2A 		.ascii	"***********************************\015\012\000"
  90      2A2A2A2A 
  90      2A2A2A2A 
  90      2A2A2A2A 
  90      2A2A2A2A 
  91 00f2 0000     		.align	2
  92              	.LC17:
  93 00f4 4652444D 		.ascii	"FRDM-TFC\011\011           \015\012\000"
  93      2D544643 
  93      09092020 
  93      20202020 
  93      20202020 
  94              		.align	2
  95              	.LC19:
  96 010c 436F7079 		.ascii	"Copyright (C) <2013>  Eli Hughes\015\012\000"
  96      72696768 
  96      74202843 
  96      29203C32 
  96      3031333E 
  97 012f 00       		.align	2
  98              	.LC21:
  99 0130 57617665 		.ascii	"Wavenumber LLC\015\012\000"
  99      6E756D62 
  99      6572204C 
  99      4C430D0A 
  99      00
 100 0141 000000   		.align	2
 101              	.LC23:
 102 0144 2A2A2A2A 		.ascii	"***********************************\015\012\015\012"
 102      2A2A2A2A 
 102      2A2A2A2A 
 102      2A2A2A2A 
 102      2A2A2A2A 
 103 016b 3E00     		.ascii	">\000"
 104              		.section	.text.TerminalBootMsg,"ax",%progbits
 105              		.align	2
 106              		.global	TerminalBootMsg
 107              		.code	16
 108              		.thumb_func
 110              	TerminalBootMsg:
 111              	.LFB0:
 112              		.file 1 "../sources/TFC/TFC_Terminal.c"
   1:../sources/TFC/TFC_Terminal.c **** #include "TFC\TFC.h"
   2:../sources/TFC/TFC_Terminal.c **** 
   3:../sources/TFC/TFC_Terminal.c **** 
   4:../sources/TFC/TFC_Terminal.c **** //*****************************************************************
   5:../sources/TFC/TFC_Terminal.c **** //Terminal Configuration
   6:../sources/TFC/TFC_Terminal.c **** //*****************************************************************
   7:../sources/TFC/TFC_Terminal.c **** 
   8:../sources/TFC/TFC_Terminal.c **** #define MAX_TERMINAL_LINE_CHARS 64
   9:../sources/TFC/TFC_Terminal.c **** #define MAX_TERMINAL_CMD_CHARS  32
  10:../sources/TFC/TFC_Terminal.c **** 
  11:../sources/TFC/TFC_Terminal.c **** 
  12:../sources/TFC/TFC_Terminal.c **** typedef void (*TerminalCallback)(char *);
  13:../sources/TFC/TFC_Terminal.c **** 
  14:../sources/TFC/TFC_Terminal.c **** 
  15:../sources/TFC/TFC_Terminal.c **** typedef struct 
  16:../sources/TFC/TFC_Terminal.c **** {
  17:../sources/TFC/TFC_Terminal.c **** 	const char *CommandString;
  18:../sources/TFC/TFC_Terminal.c **** 	TerminalCallback Callback;
  19:../sources/TFC/TFC_Terminal.c **** 	const char *HelpString;
  20:../sources/TFC/TFC_Terminal.c **** 		
  21:../sources/TFC/TFC_Terminal.c **** } TerminalCallbackRecord;
  22:../sources/TFC/TFC_Terminal.c **** 
  23:../sources/TFC/TFC_Terminal.c **** //Callback function prototypes
  24:../sources/TFC/TFC_Terminal.c **** void TerminalCmd_Help(char *arg);
  25:../sources/TFC/TFC_Terminal.c **** void TerminalCmd_Reboot(char *arg);
  26:../sources/TFC/TFC_Terminal.c **** void TerminalCmd_GetLineScan(char *arg);
  27:../sources/TFC/TFC_Terminal.c **** void TerminalCmd_S(char *arg);
  28:../sources/TFC/TFC_Terminal.c **** void TerminalCmd_H(char *arg);
  29:../sources/TFC/TFC_Terminal.c **** void TerminalCmd_E(char *arg);
  30:../sources/TFC/TFC_Terminal.c **** void TerminalCmd_D(char *arg);
  31:../sources/TFC/TFC_Terminal.c **** //Populate this array with the callback functions and their terminal command string
  32:../sources/TFC/TFC_Terminal.c **** TerminalCallbackRecord MyTerminalCallbackRecords[] ={	{"help",TerminalCmd_Help,"Lists available com
  33:../sources/TFC/TFC_Terminal.c ****                                                         {"L",TerminalCmd_GetLineScan,"Displays line
  34:../sources/TFC/TFC_Terminal.c ****                                                         {"S",TerminalCmd_S,"Commands the servos to 
  35:../sources/TFC/TFC_Terminal.c ****                                                         {"H", TerminalCmd_H,"Commands the H-Bridges
  36:../sources/TFC/TFC_Terminal.c **** 														{"E",TerminalCmd_E, "Enables the H-Bridges"},
  37:../sources/TFC/TFC_Terminal.c **** 														{"D",TerminalCmd_D, "Disables the H-Bridges"},
  38:../sources/TFC/TFC_Terminal.c ****                                                         };
  39:../sources/TFC/TFC_Terminal.c **** 
  40:../sources/TFC/TFC_Terminal.c **** //*****************************************************************
  41:../sources/TFC/TFC_Terminal.c **** //Plumbing.....
  42:../sources/TFC/TFC_Terminal.c **** //*****************************************************************
  43:../sources/TFC/TFC_Terminal.c **** 
  44:../sources/TFC/TFC_Terminal.c **** #define NUM_TERMINAL_COMMANDS  (sizeof(MyTerminalCallbackRecords)/sizeof(TerminalCallbackRecord))
  45:../sources/TFC/TFC_Terminal.c **** 
  46:../sources/TFC/TFC_Terminal.c **** char TerminalLineBuf[MAX_TERMINAL_LINE_CHARS];
  47:../sources/TFC/TFC_Terminal.c **** uint8_t TerminalPos;
  48:../sources/TFC/TFC_Terminal.c **** char TerminalCmdBuf[MAX_TERMINAL_CMD_CHARS+1];
  49:../sources/TFC/TFC_Terminal.c **** char TerminalArgs[MAX_TERMINAL_LINE_CHARS-MAX_TERMINAL_CMD_CHARS];
  50:../sources/TFC/TFC_Terminal.c **** uint8_t NextCharIn;
  51:../sources/TFC/TFC_Terminal.c **** uint8_t CmdFound;
  52:../sources/TFC/TFC_Terminal.c ****  
  53:../sources/TFC/TFC_Terminal.c **** void TerminalBootMsg()
  54:../sources/TFC/TFC_Terminal.c **** {
 113              		.loc 1 54 0
 114              		.cfi_startproc
 115 0000 80B5     		push	{r7, lr}
 116              	.LCFI0:
 117              		.cfi_def_cfa_offset 8
 118              		.cfi_offset 7, -8
 119              		.cfi_offset 14, -4
 120 0002 00AF     		add	r7, sp, #0
 121              	.LCFI1:
 122              		.cfi_def_cfa_register 7
  55:../sources/TFC/TFC_Terminal.c **** 
  56:../sources/TFC/TFC_Terminal.c **** TERMINAL_PRINTF("\r\n\r\n"); 
 123              		.loc 1 56 0
 124 0004 124A     		ldr	r2, .L2
 125 0006 134B     		ldr	r3, .L2+4
 126 0008 101C     		mov	r0, r2
 127 000a 191C     		mov	r1, r3
 128 000c FFF7FEFF 		bl	Qprintf
  57:../sources/TFC/TFC_Terminal.c **** TERMINAL_PRINTF("***********************************\r\n"); 
 129              		.loc 1 57 0
 130 0010 0F4A     		ldr	r2, .L2
 131 0012 114B     		ldr	r3, .L2+8
 132 0014 101C     		mov	r0, r2
 133 0016 191C     		mov	r1, r3
 134 0018 FFF7FEFF 		bl	Qprintf
  58:../sources/TFC/TFC_Terminal.c **** TERMINAL_PRINTF("FRDM-TFC		           \r\n");
 135              		.loc 1 58 0
 136 001c 0C4A     		ldr	r2, .L2
 137 001e 0F4B     		ldr	r3, .L2+12
 138 0020 101C     		mov	r0, r2
 139 0022 191C     		mov	r1, r3
 140 0024 FFF7FEFF 		bl	Qprintf
  59:../sources/TFC/TFC_Terminal.c **** TERMINAL_PRINTF("Copyright (C) <2013>  Eli Hughes\r\n");
 141              		.loc 1 59 0
 142 0028 094A     		ldr	r2, .L2
 143 002a 0D4B     		ldr	r3, .L2+16
 144 002c 101C     		mov	r0, r2
 145 002e 191C     		mov	r1, r3
 146 0030 FFF7FEFF 		bl	Qprintf
  60:../sources/TFC/TFC_Terminal.c **** TERMINAL_PRINTF("Wavenumber LLC\r\n"); 
 147              		.loc 1 60 0
 148 0034 064A     		ldr	r2, .L2
 149 0036 0B4B     		ldr	r3, .L2+20
 150 0038 101C     		mov	r0, r2
 151 003a 191C     		mov	r1, r3
 152 003c FFF7FEFF 		bl	Qprintf
  61:../sources/TFC/TFC_Terminal.c **** TERMINAL_PRINTF("***********************************\r\n\r\n>"); 
 153              		.loc 1 61 0
 154 0040 034A     		ldr	r2, .L2
 155 0042 094B     		ldr	r3, .L2+24
 156 0044 101C     		mov	r0, r2
 157 0046 191C     		mov	r1, r3
 158 0048 FFF7FEFF 		bl	Qprintf
  62:../sources/TFC/TFC_Terminal.c **** 
  63:../sources/TFC/TFC_Terminal.c **** }
 159              		.loc 1 63 0
 160 004c BD46     		mov	sp, r7
 161              		@ sp needed for prologue
 162 004e 80BD     		pop	{r7, pc}
 163              	.L3:
 164              		.align	2
 165              	.L2:
 166 0050 00000000 		.word	SDA_SERIAL_OUTGOING_QUEUE
 167 0054 C4000000 		.word	.LC13
 168 0058 CC000000 		.word	.LC15
 169 005c F4000000 		.word	.LC17
 170 0060 0C010000 		.word	.LC19
 171 0064 30010000 		.word	.LC21
 172 0068 44010000 		.word	.LC23
 173              		.cfi_endproc
 174              	.LFE0:
 176              		.section	.text.TFC_InitTerminal,"ax",%progbits
 177              		.align	2
 178              		.global	TFC_InitTerminal
 179              		.code	16
 180              		.thumb_func
 182              	TFC_InitTerminal:
 183              	.LFB1:
  64:../sources/TFC/TFC_Terminal.c **** 
  65:../sources/TFC/TFC_Terminal.c **** void TFC_InitTerminal()
  66:../sources/TFC/TFC_Terminal.c **** {
 184              		.loc 1 66 0
 185              		.cfi_startproc
 186 0000 80B5     		push	{r7, lr}
 187              	.LCFI2:
 188              		.cfi_def_cfa_offset 8
 189              		.cfi_offset 7, -8
 190              		.cfi_offset 14, -4
 191 0002 00AF     		add	r7, sp, #0
 192              	.LCFI3:
 193              		.cfi_def_cfa_register 7
  67:../sources/TFC/TFC_Terminal.c **** 	TerminalPos = 0;
 194              		.loc 1 67 0
 195 0004 044B     		ldr	r3, .L5
 196 0006 0022     		mov	r2, #0
 197 0008 1A70     		strb	r2, [r3]
  68:../sources/TFC/TFC_Terminal.c **** 	CmdFound = 0;
 198              		.loc 1 68 0
 199 000a 044B     		ldr	r3, .L5+4
 200 000c 0022     		mov	r2, #0
 201 000e 1A70     		strb	r2, [r3]
  69:../sources/TFC/TFC_Terminal.c ****     TerminalBootMsg();
 202              		.loc 1 69 0
 203 0010 FFF7FEFF 		bl	TerminalBootMsg
  70:../sources/TFC/TFC_Terminal.c **** }
 204              		.loc 1 70 0
 205 0014 BD46     		mov	sp, r7
 206              		@ sp needed for prologue
 207 0016 80BD     		pop	{r7, pc}
 208              	.L6:
 209              		.align	2
 210              	.L5:
 211 0018 00000000 		.word	TerminalPos
 212 001c 00000000 		.word	CmdFound
 213              		.cfi_endproc
 214              	.LFE1:
 216              		.section	.rodata
 217 016d 000000   		.align	2
 218              	.LC28:
 219 0170 0D0A0D0A 		.ascii	"\015\012\015\012Command List:\015\012\000"
 219      436F6D6D 
 219      616E6420 
 219      4C697374 
 219      3A0D0A00 
 220              		.align	2
 221              	.LC30:
 222 0184 2D2D2D2D 		.ascii	"----------------------\015\012\000"
 222      2D2D2D2D 
 222      2D2D2D2D 
 222      2D2D2D2D 
 222      2D2D2D2D 
 223 019d 000000   		.align	2
 224              	.LC33:
 225 01a0 25732020 		.ascii	"%s  ---->  %s\015\012\000"
 225      2D2D2D2D 
 225      3E202025 
 225      730D0A00 
 226              		.section	.text.TerminalCmd_Help,"ax",%progbits
 227              		.align	2
 228              		.global	TerminalCmd_Help
 229              		.code	16
 230              		.thumb_func
 232              	TerminalCmd_Help:
 233              	.LFB2:
  71:../sources/TFC/TFC_Terminal.c **** 
  72:../sources/TFC/TFC_Terminal.c **** void TerminalCmd_Help(char *arg)
  73:../sources/TFC/TFC_Terminal.c **** {
 234              		.loc 1 73 0
 235              		.cfi_startproc
 236 0000 90B5     		push	{r4, r7, lr}
 237              	.LCFI4:
 238              		.cfi_def_cfa_offset 12
 239              		.cfi_offset 4, -12
 240              		.cfi_offset 7, -8
 241              		.cfi_offset 14, -4
 242 0002 85B0     		sub	sp, sp, #20
 243              	.LCFI5:
 244              		.cfi_def_cfa_offset 32
 245 0004 00AF     		add	r7, sp, #0
 246              	.LCFI6:
 247              		.cfi_def_cfa_register 7
 248 0006 7860     		str	r0, [r7, #4]
  74:../sources/TFC/TFC_Terminal.c ****     uint8_t i;
  75:../sources/TFC/TFC_Terminal.c **** 
  76:../sources/TFC/TFC_Terminal.c ****     TERMINAL_PRINTF("\r\n\r\nCommand List:\r\n");
 249              		.loc 1 76 0
 250 0008 204A     		ldr	r2, .L10
 251 000a 214B     		ldr	r3, .L10+4
 252 000c 101C     		mov	r0, r2
 253 000e 191C     		mov	r1, r3
 254 0010 FFF7FEFF 		bl	Qprintf
  77:../sources/TFC/TFC_Terminal.c ****     TERMINAL_PRINTF("----------------------\r\n");
 255              		.loc 1 77 0
 256 0014 1D4A     		ldr	r2, .L10
 257 0016 1F4B     		ldr	r3, .L10+8
 258 0018 101C     		mov	r0, r2
 259 001a 191C     		mov	r1, r3
 260 001c FFF7FEFF 		bl	Qprintf
  78:../sources/TFC/TFC_Terminal.c **** 
  79:../sources/TFC/TFC_Terminal.c ****     for(i=0;i<NUM_TERMINAL_COMMANDS;i++)
 261              		.loc 1 79 0
 262 0020 3B1C     		mov	r3, r7
 263 0022 0F33     		add	r3, r3, #15
 264 0024 0022     		mov	r2, #0
 265 0026 1A70     		strb	r2, [r3]
 266 0028 21E0     		b	.L8
 267              	.L9:
  80:../sources/TFC/TFC_Terminal.c ****     {
  81:../sources/TFC/TFC_Terminal.c ****          TERMINAL_PRINTF("%s  ---->  %s\r\n",MyTerminalCallbackRecords[i].CommandString,MyTerminalC
 268              		.loc 1 81 0
 269 002a 3B1C     		mov	r3, r7
 270 002c 0F33     		add	r3, r3, #15
 271 002e 1A78     		ldrb	r2, [r3]
 272 0030 1949     		ldr	r1, .L10+12
 273 0032 131C     		mov	r3, r2
 274 0034 5B00     		lsl	r3, r3, #1
 275 0036 9B18     		add	r3, r3, r2
 276 0038 9B00     		lsl	r3, r3, #2
 277 003a 5C58     		ldr	r4, [r3, r1]
 278 003c 3B1C     		mov	r3, r7
 279 003e 0F33     		add	r3, r3, #15
 280 0040 1A78     		ldrb	r2, [r3]
 281 0042 1549     		ldr	r1, .L10+12
 282 0044 131C     		mov	r3, r2
 283 0046 5B00     		lsl	r3, r3, #1
 284 0048 9B18     		add	r3, r3, r2
 285 004a 9B00     		lsl	r3, r3, #2
 286 004c CB18     		add	r3, r1, r3
 287 004e 0833     		add	r3, r3, #8
 288 0050 1B68     		ldr	r3, [r3]
 289 0052 0E49     		ldr	r1, .L10
 290 0054 114A     		ldr	r2, .L10+16
 291 0056 081C     		mov	r0, r1
 292 0058 111C     		mov	r1, r2
 293 005a 221C     		mov	r2, r4
 294 005c FFF7FEFF 		bl	Qprintf
  79:../sources/TFC/TFC_Terminal.c ****     for(i=0;i<NUM_TERMINAL_COMMANDS;i++)
 295              		.loc 1 79 0
 296 0060 3B1C     		mov	r3, r7
 297 0062 0F33     		add	r3, r3, #15
 298 0064 3A1C     		mov	r2, r7
 299 0066 0F32     		add	r2, r2, #15
 300 0068 1278     		ldrb	r2, [r2]
 301 006a 0132     		add	r2, r2, #1
 302 006c 1A70     		strb	r2, [r3]
 303              	.L8:
  79:../sources/TFC/TFC_Terminal.c ****     for(i=0;i<NUM_TERMINAL_COMMANDS;i++)
 304              		.loc 1 79 0 is_stmt 0
 305 006e 3B1C     		mov	r3, r7
 306 0070 0F33     		add	r3, r3, #15
 307 0072 1B78     		ldrb	r3, [r3]
 308 0074 052B     		cmp	r3, #5
 309 0076 D8D9     		bls	.L9
  82:../sources/TFC/TFC_Terminal.c ****     }
  83:../sources/TFC/TFC_Terminal.c **** 
  84:../sources/TFC/TFC_Terminal.c ****     TERMINAL_PRINTF("\r\n\r\n");
 310              		.loc 1 84 0 is_stmt 1
 311 0078 044A     		ldr	r2, .L10
 312 007a 094B     		ldr	r3, .L10+20
 313 007c 101C     		mov	r0, r2
 314 007e 191C     		mov	r1, r3
 315 0080 FFF7FEFF 		bl	Qprintf
  85:../sources/TFC/TFC_Terminal.c **** }
 316              		.loc 1 85 0
 317 0084 BD46     		mov	sp, r7
 318 0086 05B0     		add	sp, sp, #20
 319              		@ sp needed for prologue
 320 0088 90BD     		pop	{r4, r7, pc}
 321              	.L11:
 322 008a C046     		.align	2
 323              	.L10:
 324 008c 00000000 		.word	SDA_SERIAL_OUTGOING_QUEUE
 325 0090 70010000 		.word	.LC28
 326 0094 84010000 		.word	.LC30
 327 0098 00000000 		.word	MyTerminalCallbackRecords
 328 009c A0010000 		.word	.LC33
 329 00a0 C4000000 		.word	.LC13
 330              		.cfi_endproc
 331              	.LFE2:
 333              		.section	.text.TerminalCmd_Reboot,"ax",%progbits
 334              		.align	2
 335              		.global	TerminalCmd_Reboot
 336              		.code	16
 337              		.thumb_func
 339              	TerminalCmd_Reboot:
 340              	.LFB3:
  86:../sources/TFC/TFC_Terminal.c **** 
  87:../sources/TFC/TFC_Terminal.c **** void TerminalCmd_Reboot(char *arg)
  88:../sources/TFC/TFC_Terminal.c **** {
 341              		.loc 1 88 0
 342              		.cfi_startproc
 343 0000 80B5     		push	{r7, lr}
 344              	.LCFI7:
 345              		.cfi_def_cfa_offset 8
 346              		.cfi_offset 7, -8
 347              		.cfi_offset 14, -4
 348 0002 82B0     		sub	sp, sp, #8
 349              	.LCFI8:
 350              		.cfi_def_cfa_offset 16
 351 0004 00AF     		add	r7, sp, #0
 352              	.LCFI9:
 353              		.cfi_def_cfa_register 7
 354 0006 7860     		str	r0, [r7, #4]
  89:../sources/TFC/TFC_Terminal.c ****       TerminalBootMsg();
 355              		.loc 1 89 0
 356 0008 FFF7FEFF 		bl	TerminalBootMsg
  90:../sources/TFC/TFC_Terminal.c **** }
 357              		.loc 1 90 0
 358 000c BD46     		mov	sp, r7
 359 000e 02B0     		add	sp, sp, #8
 360              		@ sp needed for prologue
 361 0010 80BD     		pop	{r7, pc}
 362              		.cfi_endproc
 363              	.LFE3:
 365 0012 C046     		.section	.rodata
 366              		.align	2
 367              	.LC37:
 368 01b0 090D0A45 		.ascii	"\011\015\012Enabling H-Bridges\015\012\000"
 368      6E61626C 
 368      696E6720 
 368      482D4272 
 368      69646765 
 369              		.section	.text.TerminalCmd_E,"ax",%progbits
 370              		.align	2
 371              		.global	TerminalCmd_E
 372              		.code	16
 373              		.thumb_func
 375              	TerminalCmd_E:
 376              	.LFB4:
  91:../sources/TFC/TFC_Terminal.c **** 
  92:../sources/TFC/TFC_Terminal.c **** 
  93:../sources/TFC/TFC_Terminal.c **** 
  94:../sources/TFC/TFC_Terminal.c **** void TerminalCmd_E(char *arg)
  95:../sources/TFC/TFC_Terminal.c **** {
 377              		.loc 1 95 0
 378              		.cfi_startproc
 379 0000 80B5     		push	{r7, lr}
 380              	.LCFI10:
 381              		.cfi_def_cfa_offset 8
 382              		.cfi_offset 7, -8
 383              		.cfi_offset 14, -4
 384 0002 82B0     		sub	sp, sp, #8
 385              	.LCFI11:
 386              		.cfi_def_cfa_offset 16
 387 0004 00AF     		add	r7, sp, #0
 388              	.LCFI12:
 389              		.cfi_def_cfa_register 7
 390 0006 7860     		str	r0, [r7, #4]
  96:../sources/TFC/TFC_Terminal.c **** 	 TERMINAL_PRINTF("\t\r\nEnabling H-Bridges\r\n");
 391              		.loc 1 96 0
 392 0008 064A     		ldr	r2, .L14
 393 000a 074B     		ldr	r3, .L14+4
 394 000c 101C     		mov	r0, r2
 395 000e 191C     		mov	r1, r3
 396 0010 FFF7FEFF 		bl	Qprintf
  97:../sources/TFC/TFC_Terminal.c **** 	 TFC_HBRIDGE_ENABLE;
 397              		.loc 1 97 0
 398 0014 054B     		ldr	r3, .L14+8
 399 0016 8022     		mov	r2, #128
 400 0018 9203     		lsl	r2, r2, #14
 401 001a 5A60     		str	r2, [r3, #4]
  98:../sources/TFC/TFC_Terminal.c **** }
 402              		.loc 1 98 0
 403 001c BD46     		mov	sp, r7
 404 001e 02B0     		add	sp, sp, #8
 405              		@ sp needed for prologue
 406 0020 80BD     		pop	{r7, pc}
 407              	.L15:
 408 0022 C046     		.align	2
 409              	.L14:
 410 0024 00000000 		.word	SDA_SERIAL_OUTGOING_QUEUE
 411 0028 B0010000 		.word	.LC37
 412 002c 00F10F40 		.word	1074786560
 413              		.cfi_endproc
 414              	.LFE4:
 416              		.section	.rodata
 417              		.align	2
 418              	.LC40:
 419 01c8 090D0A44 		.ascii	"\011\015\012Disabling H-Bridges\015\012\000"
 419      69736162 
 419      6C696E67 
 419      20482D42 
 419      72696467 
 420              		.section	.text.TerminalCmd_D,"ax",%progbits
 421              		.align	2
 422              		.global	TerminalCmd_D
 423              		.code	16
 424              		.thumb_func
 426              	TerminalCmd_D:
 427              	.LFB5:
  99:../sources/TFC/TFC_Terminal.c **** 
 100:../sources/TFC/TFC_Terminal.c **** void TerminalCmd_D(char *arg)
 101:../sources/TFC/TFC_Terminal.c **** {
 428              		.loc 1 101 0
 429              		.cfi_startproc
 430 0000 80B5     		push	{r7, lr}
 431              	.LCFI13:
 432              		.cfi_def_cfa_offset 8
 433              		.cfi_offset 7, -8
 434              		.cfi_offset 14, -4
 435 0002 82B0     		sub	sp, sp, #8
 436              	.LCFI14:
 437              		.cfi_def_cfa_offset 16
 438 0004 00AF     		add	r7, sp, #0
 439              	.LCFI15:
 440              		.cfi_def_cfa_register 7
 441 0006 7860     		str	r0, [r7, #4]
 102:../sources/TFC/TFC_Terminal.c **** 	 TERMINAL_PRINTF("\t\r\nDisabling H-Bridges\r\n");
 442              		.loc 1 102 0
 443 0008 084A     		ldr	r2, .L17
 444 000a 094B     		ldr	r3, .L17+4
 445 000c 101C     		mov	r0, r2
 446 000e 191C     		mov	r1, r3
 447 0010 FFF7FEFF 		bl	Qprintf
 103:../sources/TFC/TFC_Terminal.c **** 	 TFC_HBRIDGE_DISABLE;
 448              		.loc 1 103 0
 449 0014 074B     		ldr	r3, .L17+8
 450 0016 8022     		mov	r2, #128
 451 0018 9203     		lsl	r2, r2, #14
 452 001a 9A60     		str	r2, [r3, #8]
 104:../sources/TFC/TFC_Terminal.c **** 	 TFC_SetPWMLookup(0,0);
 453              		.loc 1 104 0
 454 001c 0020     		mov	r0, #0
 455 001e 0021     		mov	r1, #0
 456 0020 FFF7FEFF 		bl	TFC_SetPWMLookup
 105:../sources/TFC/TFC_Terminal.c **** 	 //TFC_SetMotorPWM(0,0); REPLACED BY TFC_SetPWMLookup()
 106:../sources/TFC/TFC_Terminal.c **** }
 457              		.loc 1 106 0
 458 0024 BD46     		mov	sp, r7
 459 0026 02B0     		add	sp, sp, #8
 460              		@ sp needed for prologue
 461 0028 80BD     		pop	{r7, pc}
 462              	.L18:
 463 002a C046     		.align	2
 464              	.L17:
 465 002c 00000000 		.word	SDA_SERIAL_OUTGOING_QUEUE
 466 0030 C8010000 		.word	.LC40
 467 0034 00F10F40 		.word	1074786560
 468              		.cfi_endproc
 469              	.LFE5:
 471              		.section	.rodata
 472 01e1 000000   		.align	2
 473              	.LC43:
 474 01e4 0D0A4C49 		.ascii	"\015\012LINE 0:\000"
 474      4E452030 
 474      3A00
 475 01ee 0000     		.align	2
 476              	.LC46:
 477 01f0 25325800 		.ascii	"%2X\000"
 478              		.align	2
 479              	.LC48:
 480 01f4 2C00     		.ascii	",\000"
 481 01f6 0000     		.align	2
 482              	.LC51:
 483 01f8 0D0A4C49 		.ascii	"\015\012LINE 1:\000"
 483      4E452031 
 483      3A00
 484              		.section	.text.TerminalCmd_GetLineScan,"ax",%progbits
 485              		.align	2
 486              		.global	TerminalCmd_GetLineScan
 487              		.code	16
 488              		.thumb_func
 490              	TerminalCmd_GetLineScan:
 491              	.LFB6:
 107:../sources/TFC/TFC_Terminal.c **** 
 108:../sources/TFC/TFC_Terminal.c **** void TerminalCmd_GetLineScan(char *arg)
 109:../sources/TFC/TFC_Terminal.c **** {
 492              		.loc 1 109 0
 493              		.cfi_startproc
 494 0000 80B5     		push	{r7, lr}
 495              	.LCFI16:
 496              		.cfi_def_cfa_offset 8
 497              		.cfi_offset 7, -8
 498              		.cfi_offset 14, -4
 499 0002 84B0     		sub	sp, sp, #16
 500              	.LCFI17:
 501              		.cfi_def_cfa_offset 24
 502 0004 00AF     		add	r7, sp, #0
 503              	.LCFI18:
 504              		.cfi_def_cfa_register 7
 505 0006 7860     		str	r0, [r7, #4]
 110:../sources/TFC/TFC_Terminal.c **** 	uint8_t i;
 111:../sources/TFC/TFC_Terminal.c **** 	
 112:../sources/TFC/TFC_Terminal.c **** 	TERMINAL_PRINTF("\r\nLINE 0:");
 506              		.loc 1 112 0
 507 0008 3B4A     		ldr	r2, .L28
 508 000a 3C4B     		ldr	r3, .L28+4
 509 000c 101C     		mov	r0, r2
 510 000e 191C     		mov	r1, r3
 511 0010 FFF7FEFF 		bl	Qprintf
 113:../sources/TFC/TFC_Terminal.c **** 	
 114:../sources/TFC/TFC_Terminal.c **** 	for(i=0;i<128;i++)
 512              		.loc 1 114 0
 513 0014 3B1C     		mov	r3, r7
 514 0016 0F33     		add	r3, r3, #15
 515 0018 0022     		mov	r2, #0
 516 001a 1A70     		strb	r2, [r3]
 517 001c 28E0     		b	.L20
 518              	.L23:
 115:../sources/TFC/TFC_Terminal.c **** 	{
 116:../sources/TFC/TFC_Terminal.c **** 		
 117:../sources/TFC/TFC_Terminal.c **** 		TERMINAL_PRINTF("%2X",LineScanImage0[i]);
 519              		.loc 1 117 0
 520 001e 384B     		ldr	r3, .L28+8
 521 0020 1A68     		ldr	r2, [r3]
 522 0022 3B1C     		mov	r3, r7
 523 0024 0F33     		add	r3, r3, #15
 524 0026 1B78     		ldrb	r3, [r3]
 525 0028 5B00     		lsl	r3, r3, #1
 526 002a D318     		add	r3, r2, r3
 527 002c 1B88     		ldrh	r3, [r3]
 528 002e 9BB2     		uxth	r3, r3
 529 0030 3149     		ldr	r1, .L28
 530 0032 344A     		ldr	r2, .L28+12
 531 0034 081C     		mov	r0, r1
 532 0036 111C     		mov	r1, r2
 533 0038 1A1C     		mov	r2, r3
 534 003a FFF7FEFF 		bl	Qprintf
 118:../sources/TFC/TFC_Terminal.c **** 		
 119:../sources/TFC/TFC_Terminal.c **** 		if(i<127)
 535              		.loc 1 119 0
 536 003e 3B1C     		mov	r3, r7
 537 0040 0F33     		add	r3, r3, #15
 538 0042 1B78     		ldrb	r3, [r3]
 539 0044 7E2B     		cmp	r3, #126
 540 0046 06D8     		bhi	.L21
 120:../sources/TFC/TFC_Terminal.c **** 			TERMINAL_PRINTF(",");
 541              		.loc 1 120 0
 542 0048 2B4A     		ldr	r2, .L28
 543 004a 2F4B     		ldr	r3, .L28+16
 544 004c 101C     		mov	r0, r2
 545 004e 191C     		mov	r1, r3
 546 0050 FFF7FEFF 		bl	Qprintf
 547 0054 05E0     		b	.L22
 548              	.L21:
 121:../sources/TFC/TFC_Terminal.c **** 		else
 122:../sources/TFC/TFC_Terminal.c **** 			TERMINAL_PRINTF("\r\n\r\n");
 549              		.loc 1 122 0
 550 0056 284A     		ldr	r2, .L28
 551 0058 2C4B     		ldr	r3, .L28+20
 552 005a 101C     		mov	r0, r2
 553 005c 191C     		mov	r1, r3
 554 005e FFF7FEFF 		bl	Qprintf
 555              	.L22:
 114:../sources/TFC/TFC_Terminal.c **** 	for(i=0;i<128;i++)
 556              		.loc 1 114 0
 557 0062 3B1C     		mov	r3, r7
 558 0064 0F33     		add	r3, r3, #15
 559 0066 3A1C     		mov	r2, r7
 560 0068 0F32     		add	r2, r2, #15
 561 006a 1278     		ldrb	r2, [r2]
 562 006c 0132     		add	r2, r2, #1
 563 006e 1A70     		strb	r2, [r3]
 564              	.L20:
 114:../sources/TFC/TFC_Terminal.c **** 	for(i=0;i<128;i++)
 565              		.loc 1 114 0 is_stmt 0
 566 0070 3B1C     		mov	r3, r7
 567 0072 0F33     		add	r3, r3, #15
 568 0074 1B78     		ldrb	r3, [r3]
 569 0076 5BB2     		sxtb	r3, r3
 570 0078 002B     		cmp	r3, #0
 571 007a D0DA     		bge	.L23
 123:../sources/TFC/TFC_Terminal.c **** 	}
 124:../sources/TFC/TFC_Terminal.c **** 	TERMINAL_PRINTF("\r\nLINE 1:");
 572              		.loc 1 124 0 is_stmt 1
 573 007c 1E4A     		ldr	r2, .L28
 574 007e 244B     		ldr	r3, .L28+24
 575 0080 101C     		mov	r0, r2
 576 0082 191C     		mov	r1, r3
 577 0084 FFF7FEFF 		bl	Qprintf
 125:../sources/TFC/TFC_Terminal.c **** 	for(i=0;i<128;i++)
 578              		.loc 1 125 0
 579 0088 3B1C     		mov	r3, r7
 580 008a 0F33     		add	r3, r3, #15
 581 008c 0022     		mov	r2, #0
 582 008e 1A70     		strb	r2, [r3]
 583 0090 28E0     		b	.L24
 584              	.L27:
 126:../sources/TFC/TFC_Terminal.c **** 	{
 127:../sources/TFC/TFC_Terminal.c **** 		TERMINAL_PRINTF("%2X",LineScanImage1[i]);
 585              		.loc 1 127 0
 586 0092 204B     		ldr	r3, .L28+28
 587 0094 1A68     		ldr	r2, [r3]
 588 0096 3B1C     		mov	r3, r7
 589 0098 0F33     		add	r3, r3, #15
 590 009a 1B78     		ldrb	r3, [r3]
 591 009c 5B00     		lsl	r3, r3, #1
 592 009e D318     		add	r3, r2, r3
 593 00a0 1B88     		ldrh	r3, [r3]
 594 00a2 9BB2     		uxth	r3, r3
 595 00a4 1449     		ldr	r1, .L28
 596 00a6 174A     		ldr	r2, .L28+12
 597 00a8 081C     		mov	r0, r1
 598 00aa 111C     		mov	r1, r2
 599 00ac 1A1C     		mov	r2, r3
 600 00ae FFF7FEFF 		bl	Qprintf
 128:../sources/TFC/TFC_Terminal.c **** 		if(i<127)
 601              		.loc 1 128 0
 602 00b2 3B1C     		mov	r3, r7
 603 00b4 0F33     		add	r3, r3, #15
 604 00b6 1B78     		ldrb	r3, [r3]
 605 00b8 7E2B     		cmp	r3, #126
 606 00ba 06D8     		bhi	.L25
 129:../sources/TFC/TFC_Terminal.c **** 					TERMINAL_PRINTF(",");
 607              		.loc 1 129 0
 608 00bc 0E4A     		ldr	r2, .L28
 609 00be 124B     		ldr	r3, .L28+16
 610 00c0 101C     		mov	r0, r2
 611 00c2 191C     		mov	r1, r3
 612 00c4 FFF7FEFF 		bl	Qprintf
 613 00c8 05E0     		b	.L26
 614              	.L25:
 130:../sources/TFC/TFC_Terminal.c **** 				else
 131:../sources/TFC/TFC_Terminal.c **** 					TERMINAL_PRINTF("\r\n\r\n");
 615              		.loc 1 131 0
 616 00ca 0B4A     		ldr	r2, .L28
 617 00cc 0F4B     		ldr	r3, .L28+20
 618 00ce 101C     		mov	r0, r2
 619 00d0 191C     		mov	r1, r3
 620 00d2 FFF7FEFF 		bl	Qprintf
 621              	.L26:
 125:../sources/TFC/TFC_Terminal.c **** 	for(i=0;i<128;i++)
 622              		.loc 1 125 0
 623 00d6 3B1C     		mov	r3, r7
 624 00d8 0F33     		add	r3, r3, #15
 625 00da 3A1C     		mov	r2, r7
 626 00dc 0F32     		add	r2, r2, #15
 627 00de 1278     		ldrb	r2, [r2]
 628 00e0 0132     		add	r2, r2, #1
 629 00e2 1A70     		strb	r2, [r3]
 630              	.L24:
 125:../sources/TFC/TFC_Terminal.c **** 	for(i=0;i<128;i++)
 631              		.loc 1 125 0 is_stmt 0
 632 00e4 3B1C     		mov	r3, r7
 633 00e6 0F33     		add	r3, r3, #15
 634 00e8 1B78     		ldrb	r3, [r3]
 635 00ea 5BB2     		sxtb	r3, r3
 636 00ec 002B     		cmp	r3, #0
 637 00ee D0DA     		bge	.L27
 132:../sources/TFC/TFC_Terminal.c **** 	}
 133:../sources/TFC/TFC_Terminal.c **** 
 134:../sources/TFC/TFC_Terminal.c **** }
 638              		.loc 1 134 0 is_stmt 1
 639 00f0 BD46     		mov	sp, r7
 640 00f2 04B0     		add	sp, sp, #16
 641              		@ sp needed for prologue
 642 00f4 80BD     		pop	{r7, pc}
 643              	.L29:
 644 00f6 C046     		.align	2
 645              	.L28:
 646 00f8 00000000 		.word	SDA_SERIAL_OUTGOING_QUEUE
 647 00fc E4010000 		.word	.LC43
 648 0100 00000000 		.word	LineScanImage0
 649 0104 F0010000 		.word	.LC46
 650 0108 F4010000 		.word	.LC48
 651 010c C4000000 		.word	.LC13
 652 0110 F8010000 		.word	.LC51
 653 0114 00000000 		.word	LineScanImage1
 654              		.cfi_endproc
 655              	.LFE6:
 657              		.section	.rodata
 658 0202 0000     		.align	2
 659              	.LC54:
 660 0204 25642C25 		.ascii	"%d,%d\000"
 660      6400
 661 020a 0000     		.align	2
 662              	.LC57:
 663 020c 53657474 		.ascii	"Setting Servos to %d , %d\015\012\000"
 663      696E6720 
 663      53657276 
 663      6F732074 
 663      6F202564 
 664              		.global	__aeabi_i2f
 665              		.global	__aeabi_fdiv
 666              		.align	2
 667              	.LC59:
 668 0228 496E7661 		.ascii	"Invalid servo control string. There must be 2 comma"
 668      6C696420 
 668      73657276 
 668      6F20636F 
 668      6E74726F 
 669 025b 6E642073 		.ascii	"nd separated arguments between -100 and 100. Ex: S "
 669      65706172 
 669      61746564 
 669      20617267 
 669      756D656E 
 670 028e 34332C2D 		.ascii	"43,-43\000"
 670      343300
 671              		.section	.text.TerminalCmd_S,"ax",%progbits
 672              		.align	2
 673              		.global	TerminalCmd_S
 674              		.code	16
 675              		.thumb_func
 677              	TerminalCmd_S:
 678              	.LFB7:
 135:../sources/TFC/TFC_Terminal.c **** 
 136:../sources/TFC/TFC_Terminal.c **** 
 137:../sources/TFC/TFC_Terminal.c **** void TerminalCmd_S(char *arg)
 138:../sources/TFC/TFC_Terminal.c **** {
 679              		.loc 1 138 0
 680              		.cfi_startproc
 681 0000 80B5     		push	{r7, lr}
 682              	.LCFI19:
 683              		.cfi_def_cfa_offset 8
 684              		.cfi_offset 7, -8
 685              		.cfi_offset 14, -4
 686 0002 84B0     		sub	sp, sp, #16
 687              	.LCFI20:
 688              		.cfi_def_cfa_offset 24
 689 0004 00AF     		add	r7, sp, #0
 690              	.LCFI21:
 691              		.cfi_def_cfa_register 7
 692 0006 7860     		str	r0, [r7, #4]
 139:../sources/TFC/TFC_Terminal.c **** 	int ServoSetting[2] = {0,0};
 693              		.loc 1 139 0
 694 0008 3B1C     		mov	r3, r7
 695 000a 0833     		add	r3, r3, #8
 696 000c 0022     		mov	r2, #0
 697 000e 1A60     		str	r2, [r3]
 698 0010 3B1C     		mov	r3, r7
 699 0012 0833     		add	r3, r3, #8
 700 0014 0022     		mov	r2, #0
 701 0016 5A60     		str	r2, [r3, #4]
 140:../sources/TFC/TFC_Terminal.c **** 
 141:../sources/TFC/TFC_Terminal.c **** 	if(sscanf(arg,"%d,%d",&ServoSetting[0],&ServoSetting[1]) == 2)
 702              		.loc 1 141 0
 703 0018 7868     		ldr	r0, [r7, #4]
 704 001a 1E49     		ldr	r1, .L33
 705 001c 3A1C     		mov	r2, r7
 706 001e 0832     		add	r2, r2, #8
 707 0020 3B1C     		mov	r3, r7
 708 0022 0833     		add	r3, r3, #8
 709 0024 0433     		add	r3, r3, #4
 710 0026 FFF7FEFF 		bl	sscanf
 711 002a 031C     		mov	r3, r0
 712 002c 022B     		cmp	r3, #2
 713 002e 28D1     		bne	.L31
 142:../sources/TFC/TFC_Terminal.c **** 	{
 143:../sources/TFC/TFC_Terminal.c **** 	
 144:../sources/TFC/TFC_Terminal.c **** 	TERMINAL_PRINTF("Setting Servos to %d , %d\r\n",ServoSetting[0],ServoSetting[1]);
 714              		.loc 1 144 0
 715 0030 3B1C     		mov	r3, r7
 716 0032 0833     		add	r3, r3, #8
 717 0034 1A68     		ldr	r2, [r3]
 718 0036 3B1C     		mov	r3, r7
 719 0038 0833     		add	r3, r3, #8
 720 003a 5B68     		ldr	r3, [r3, #4]
 721 003c 1648     		ldr	r0, .L33+4
 722 003e 1749     		ldr	r1, .L33+8
 723 0040 FFF7FEFF 		bl	Qprintf
 145:../sources/TFC/TFC_Terminal.c **** 	
 146:../sources/TFC/TFC_Terminal.c **** 	TFC_SetServo((float)ServoSetting[0]/100.0f); //Rescale to -1.0 to 1.0
 724              		.loc 1 146 0
 725 0044 3B1C     		mov	r3, r7
 726 0046 0833     		add	r3, r3, #8
 727 0048 1B68     		ldr	r3, [r3]
 728 004a 181C     		mov	r0, r3
 729 004c FFF7FEFF 		bl	__aeabi_i2f
 730 0050 031C     		add	r3, r0, #0
 731 0052 181C     		add	r0, r3, #0
 732 0054 1249     		ldr	r1, .L33+12
 733 0056 FFF7FEFF 		bl	__aeabi_fdiv
 734 005a 031C     		add	r3, r0, #0
 735 005c 181C     		add	r0, r3, #0
 736 005e FFF7FEFF 		bl	TFC_SetServo
 147:../sources/TFC/TFC_Terminal.c **** 	TFC_SetServo((float)ServoSetting[1]/100.0f);
 737              		.loc 1 147 0
 738 0062 3B1C     		mov	r3, r7
 739 0064 0833     		add	r3, r3, #8
 740 0066 5B68     		ldr	r3, [r3, #4]
 741 0068 181C     		mov	r0, r3
 742 006a FFF7FEFF 		bl	__aeabi_i2f
 743 006e 031C     		add	r3, r0, #0
 744 0070 181C     		add	r0, r3, #0
 745 0072 0B49     		ldr	r1, .L33+12
 746 0074 FFF7FEFF 		bl	__aeabi_fdiv
 747 0078 031C     		add	r3, r0, #0
 748 007a 181C     		add	r0, r3, #0
 749 007c FFF7FEFF 		bl	TFC_SetServo
 750 0080 05E0     		b	.L30
 751              	.L31:
 148:../sources/TFC/TFC_Terminal.c **** 	}
 149:../sources/TFC/TFC_Terminal.c **** 	else
 150:../sources/TFC/TFC_Terminal.c **** 	{
 151:../sources/TFC/TFC_Terminal.c **** 		TERMINAL_PRINTF("Invalid servo control string. There must be 2 command separated arguments betwee
 752              		.loc 1 151 0
 753 0082 054A     		ldr	r2, .L33+4
 754 0084 074B     		ldr	r3, .L33+16
 755 0086 101C     		mov	r0, r2
 756 0088 191C     		mov	r1, r3
 757 008a FFF7FEFF 		bl	Qprintf
 758              	.L30:
 152:../sources/TFC/TFC_Terminal.c **** 	}
 153:../sources/TFC/TFC_Terminal.c **** 	
 154:../sources/TFC/TFC_Terminal.c **** }
 759              		.loc 1 154 0
 760 008e BD46     		mov	sp, r7
 761 0090 04B0     		add	sp, sp, #16
 762              		@ sp needed for prologue
 763 0092 80BD     		pop	{r7, pc}
 764              	.L34:
 765              		.align	2
 766              	.L33:
 767 0094 04020000 		.word	.LC54
 768 0098 00000000 		.word	SDA_SERIAL_OUTGOING_QUEUE
 769 009c 0C020000 		.word	.LC57
 770 00a0 0000C842 		.word	1120403456
 771 00a4 28020000 		.word	.LC59
 772              		.cfi_endproc
 773              	.LFE7:
 775              		.section	.rodata
 776 0295 000000   		.align	2
 777              	.LC63:
 778 0298 53657474 		.ascii	"Setting motor effort to to %d , %d\015\012\000"
 778      696E6720 
 778      6D6F746F 
 778      72206566 
 778      666F7274 
 779              		.global	__aeabi_f2iz
 780 02bd 000000   		.align	2
 781              	.LC65:
 782 02c0 496E7661 		.ascii	"Invalid motor control string. There must be 2 comma"
 782      6C696420 
 782      6D6F746F 
 782      7220636F 
 782      6E74726F 
 783 02f3 6E642073 		.ascii	"nd separated arguments between -100 and 100. Ex: H "
 783      65706172 
 783      61746564 
 783      20617267 
 783      756D656E 
 784 0326 34332C2D 		.ascii	"43,-43\015\012\000"
 784      34330D0A 
 784      00
 785              		.section	.text.TerminalCmd_H,"ax",%progbits
 786              		.align	2
 787              		.global	TerminalCmd_H
 788              		.code	16
 789              		.thumb_func
 791              	TerminalCmd_H:
 792              	.LFB8:
 155:../sources/TFC/TFC_Terminal.c **** 
 156:../sources/TFC/TFC_Terminal.c **** void TerminalCmd_H(char *arg)
 157:../sources/TFC/TFC_Terminal.c **** {
 793              		.loc 1 157 0
 794              		.cfi_startproc
 795 0000 90B5     		push	{r4, r7, lr}
 796              	.LCFI22:
 797              		.cfi_def_cfa_offset 12
 798              		.cfi_offset 4, -12
 799              		.cfi_offset 7, -8
 800              		.cfi_offset 14, -4
 801 0002 85B0     		sub	sp, sp, #20
 802              	.LCFI23:
 803              		.cfi_def_cfa_offset 32
 804 0004 00AF     		add	r7, sp, #0
 805              	.LCFI24:
 806              		.cfi_def_cfa_register 7
 807 0006 7860     		str	r0, [r7, #4]
 158:../sources/TFC/TFC_Terminal.c **** 
 159:../sources/TFC/TFC_Terminal.c **** 	int MotorSetting[2] = {0,0};
 808              		.loc 1 159 0
 809 0008 3B1C     		mov	r3, r7
 810 000a 0833     		add	r3, r3, #8
 811 000c 0022     		mov	r2, #0
 812 000e 1A60     		str	r2, [r3]
 813 0010 3B1C     		mov	r3, r7
 814 0012 0833     		add	r3, r3, #8
 815 0014 0022     		mov	r2, #0
 816 0016 5A60     		str	r2, [r3, #4]
 160:../sources/TFC/TFC_Terminal.c **** 
 161:../sources/TFC/TFC_Terminal.c **** 	if(sscanf(arg,"%d,%d",&MotorSetting[0],&MotorSetting[1]) == 2)
 817              		.loc 1 161 0
 818 0018 7868     		ldr	r0, [r7, #4]
 819 001a 2149     		ldr	r1, .L38
 820 001c 3A1C     		mov	r2, r7
 821 001e 0832     		add	r2, r2, #8
 822 0020 3B1C     		mov	r3, r7
 823 0022 0833     		add	r3, r3, #8
 824 0024 0433     		add	r3, r3, #4
 825 0026 FFF7FEFF 		bl	sscanf
 826 002a 031C     		mov	r3, r0
 827 002c 022B     		cmp	r3, #2
 828 002e 2ED1     		bne	.L36
 162:../sources/TFC/TFC_Terminal.c **** 	{
 163:../sources/TFC/TFC_Terminal.c **** 	
 164:../sources/TFC/TFC_Terminal.c **** 	TERMINAL_PRINTF("Setting motor effort to to %d , %d\r\n",MotorSetting[0],MotorSetting[1]);
 829              		.loc 1 164 0
 830 0030 3B1C     		mov	r3, r7
 831 0032 0833     		add	r3, r3, #8
 832 0034 1A68     		ldr	r2, [r3]
 833 0036 3B1C     		mov	r3, r7
 834 0038 0833     		add	r3, r3, #8
 835 003a 5B68     		ldr	r3, [r3, #4]
 836 003c 1948     		ldr	r0, .L38+4
 837 003e 1A49     		ldr	r1, .L38+8
 838 0040 FFF7FEFF 		bl	Qprintf
 165:../sources/TFC/TFC_Terminal.c **** 	
 166:../sources/TFC/TFC_Terminal.c **** 	TFC_SetPWMLookup((float)MotorSetting[0]/100.0f,(float)MotorSetting[1]/100.0f);
 839              		.loc 1 166 0
 840 0044 3B1C     		mov	r3, r7
 841 0046 0833     		add	r3, r3, #8
 842 0048 1B68     		ldr	r3, [r3]
 843 004a 181C     		mov	r0, r3
 844 004c FFF7FEFF 		bl	__aeabi_i2f
 845 0050 031C     		add	r3, r0, #0
 846 0052 181C     		add	r0, r3, #0
 847 0054 1549     		ldr	r1, .L38+12
 848 0056 FFF7FEFF 		bl	__aeabi_fdiv
 849 005a 031C     		add	r3, r0, #0
 850 005c 181C     		add	r0, r3, #0
 851 005e FFF7FEFF 		bl	__aeabi_f2iz
 852 0062 041C     		mov	r4, r0
 853 0064 3B1C     		mov	r3, r7
 854 0066 0833     		add	r3, r3, #8
 855 0068 5B68     		ldr	r3, [r3, #4]
 856 006a 181C     		mov	r0, r3
 857 006c FFF7FEFF 		bl	__aeabi_i2f
 858 0070 031C     		add	r3, r0, #0
 859 0072 181C     		add	r0, r3, #0
 860 0074 0D49     		ldr	r1, .L38+12
 861 0076 FFF7FEFF 		bl	__aeabi_fdiv
 862 007a 031C     		add	r3, r0, #0
 863 007c 181C     		add	r0, r3, #0
 864 007e FFF7FEFF 		bl	__aeabi_f2iz
 865 0082 031C     		mov	r3, r0
 866 0084 201C     		mov	r0, r4
 867 0086 191C     		mov	r1, r3
 868 0088 FFF7FEFF 		bl	TFC_SetPWMLookup
 869 008c 05E0     		b	.L35
 870              	.L36:
 167:../sources/TFC/TFC_Terminal.c **** 
 168:../sources/TFC/TFC_Terminal.c **** 
 169:../sources/TFC/TFC_Terminal.c **** 	}
 170:../sources/TFC/TFC_Terminal.c **** 	else
 171:../sources/TFC/TFC_Terminal.c **** 	{
 172:../sources/TFC/TFC_Terminal.c **** 		TERMINAL_PRINTF("Invalid motor control string. There must be 2 command separated arguments betwee
 871              		.loc 1 172 0
 872 008e 054A     		ldr	r2, .L38+4
 873 0090 074B     		ldr	r3, .L38+16
 874 0092 101C     		mov	r0, r2
 875 0094 191C     		mov	r1, r3
 876 0096 FFF7FEFF 		bl	Qprintf
 877              	.L35:
 173:../sources/TFC/TFC_Terminal.c **** 	}
 174:../sources/TFC/TFC_Terminal.c **** 	
 175:../sources/TFC/TFC_Terminal.c **** }
 878              		.loc 1 175 0
 879 009a BD46     		mov	sp, r7
 880 009c 05B0     		add	sp, sp, #20
 881              		@ sp needed for prologue
 882 009e 90BD     		pop	{r4, r7, pc}
 883              	.L39:
 884              		.align	2
 885              	.L38:
 886 00a0 04020000 		.word	.LC54
 887 00a4 00000000 		.word	SDA_SERIAL_OUTGOING_QUEUE
 888 00a8 98020000 		.word	.LC63
 889 00ac 0000C842 		.word	1120403456
 890 00b0 C0020000 		.word	.LC65
 891              		.cfi_endproc
 892              	.LFE8:
 894              		.section	.rodata
 895 032f 00       		.align	2
 896              	.LC76:
 897 0330 0D0A00   		.ascii	"\015\012\000"
 898 0333 00       		.align	2
 899              	.LC78:
 900 0334 0D0A2573 		.ascii	"\015\012%s command not recognized.\015\012\015\012\000"
 900      20636F6D 
 900      6D616E64 
 900      206E6F74 
 900      20726563 
 901 0355 000000   		.align	2
 902              	.LC80:
 903 0358 6E6F2061 		.ascii	"no arg\000"
 903      726700
 904 035f 00       		.align	2
 905              	.LC82:
 906 0360 0D0A3E00 		.ascii	"\015\012>\000"
 907              		.section	.text.TFC_ProcessTerminal,"ax",%progbits
 908              		.align	2
 909              		.global	TFC_ProcessTerminal
 910              		.code	16
 911              		.thumb_func
 913              	TFC_ProcessTerminal:
 914              	.LFB9:
 176:../sources/TFC/TFC_Terminal.c **** 
 177:../sources/TFC/TFC_Terminal.c **** 
 178:../sources/TFC/TFC_Terminal.c **** void TFC_ProcessTerminal()
 179:../sources/TFC/TFC_Terminal.c **** {
 915              		.loc 1 179 0
 916              		.cfi_startproc
 917 0000 80B5     		push	{r7, lr}
 918              	.LCFI25:
 919              		.cfi_def_cfa_offset 8
 920              		.cfi_offset 7, -8
 921              		.cfi_offset 14, -4
 922 0002 82B0     		sub	sp, sp, #8
 923              	.LCFI26:
 924              		.cfi_def_cfa_offset 16
 925 0004 00AF     		add	r7, sp, #0
 926              	.LCFI27:
 927              		.cfi_def_cfa_register 7
 180:../sources/TFC/TFC_Terminal.c ****      uint8_t i,j;
 181:../sources/TFC/TFC_Terminal.c ****      uint8_t ArgsFound;
 182:../sources/TFC/TFC_Terminal.c ****         
 183:../sources/TFC/TFC_Terminal.c ****     if(TERMINAL_READABLE)
 928              		.loc 1 183 0
 929 0006 A14B     		ldr	r3, .L69
 930 0008 181C     		mov	r0, r3
 931 000a FFF7FEFF 		bl	BytesInQueue
 932 000e 031C     		mov	r3, r0
 933 0010 002B     		cmp	r3, #0
 934 0012 00D1     		bne	.LCB697
 935 0014 36E1     		b	.L40	@long jump
 936              	.LCB697:
 184:../sources/TFC/TFC_Terminal.c ****     {
 185:../sources/TFC/TFC_Terminal.c ****        NextCharIn = TERMINAL_GETC;
 937              		.loc 1 185 0
 938 0016 9D4B     		ldr	r3, .L69
 939 0018 181C     		mov	r0, r3
 940 001a FFF7FEFF 		bl	ForcedByteDequeue
 941 001e 031C     		mov	r3, r0
 942 0020 1A1C     		mov	r2, r3
 943 0022 9B4B     		ldr	r3, .L69+4
 944 0024 1A70     		strb	r2, [r3]
 186:../sources/TFC/TFC_Terminal.c ****        
 187:../sources/TFC/TFC_Terminal.c ****         switch(NextCharIn)
 945              		.loc 1 187 0
 946 0026 9A4B     		ldr	r3, .L69+4
 947 0028 1B78     		ldrb	r3, [r3]
 948 002a 082B     		cmp	r3, #8
 949 002c 00D1     		bne	.LCB708
 950 002e EBE0     		b	.L43	@long jump
 951              	.LCB708:
 952 0030 0D2B     		cmp	r3, #13
 953 0032 00D0     		beq	.LCB710
 954 0034 FAE0     		b	.L64	@long jump
 955              	.LCB710:
 956              	.L44:
 188:../sources/TFC/TFC_Terminal.c ****         {
 189:../sources/TFC/TFC_Terminal.c ****             case '\r':
 190:../sources/TFC/TFC_Terminal.c ****              
 191:../sources/TFC/TFC_Terminal.c ****              TerminalLineBuf[TerminalPos++] = 0x0;
 957              		.loc 1 191 0
 958 0036 974B     		ldr	r3, .L69+8
 959 0038 1B78     		ldrb	r3, [r3]
 960 003a 1A1C     		mov	r2, r3
 961 003c 9649     		ldr	r1, .L69+12
 962 003e 0020     		mov	r0, #0
 963 0040 8854     		strb	r0, [r1, r2]
 964 0042 0133     		add	r3, r3, #1
 965 0044 DAB2     		uxtb	r2, r3
 966 0046 934B     		ldr	r3, .L69+8
 967 0048 1A70     		strb	r2, [r3]
 192:../sources/TFC/TFC_Terminal.c ****              TERMINAL_PUTC(NextCharIn);
 968              		.loc 1 192 0
 969 004a 914B     		ldr	r3, .L69+4
 970 004c 1B78     		ldrb	r3, [r3]
 971 004e 934A     		ldr	r2, .L69+16
 972 0050 101C     		mov	r0, r2
 973 0052 191C     		mov	r1, r3
 974 0054 FFF7FEFF 		bl	ByteEnqueue
 193:../sources/TFC/TFC_Terminal.c ****            
 194:../sources/TFC/TFC_Terminal.c ****              if(TerminalPos > 1)
 975              		.loc 1 194 0
 976 0058 8E4B     		ldr	r3, .L69+8
 977 005a 1B78     		ldrb	r3, [r3]
 978 005c 012B     		cmp	r3, #1
 979 005e 00D8     		bhi	.LCB731
 980 0060 C8E0     		b	.L45	@long jump
 981              	.LCB731:
 195:../sources/TFC/TFC_Terminal.c ****              {
 196:../sources/TFC/TFC_Terminal.c ****                  //find the command
 197:../sources/TFC/TFC_Terminal.c ****                  i=0;
 982              		.loc 1 197 0
 983 0062 FB1D     		add	r3, r7, #7
 984 0064 0022     		mov	r2, #0
 985 0066 1A70     		strb	r2, [r3]
 198:../sources/TFC/TFC_Terminal.c ****                  while(TerminalLineBuf[i]>0x20 &&  TerminalLineBuf[i]<0x7f)
 986              		.loc 1 198 0
 987 0068 10E0     		b	.L46
 988              	.L48:
 199:../sources/TFC/TFC_Terminal.c ****                  {
 200:../sources/TFC/TFC_Terminal.c ****                       TerminalCmdBuf[i] = TerminalLineBuf[i];
 989              		.loc 1 200 0
 990 006a FB1D     		add	r3, r7, #7
 991 006c 1B78     		ldrb	r3, [r3]
 992 006e FA1D     		add	r2, r7, #7
 993 0070 1278     		ldrb	r2, [r2]
 994 0072 8949     		ldr	r1, .L69+12
 995 0074 895C     		ldrb	r1, [r1, r2]
 996 0076 8A4A     		ldr	r2, .L69+20
 997 0078 D154     		strb	r1, [r2, r3]
 201:../sources/TFC/TFC_Terminal.c ****                       i++;
 998              		.loc 1 201 0
 999 007a FB1D     		add	r3, r7, #7
 1000 007c FA1D     		add	r2, r7, #7
 1001 007e 1278     		ldrb	r2, [r2]
 1002 0080 0132     		add	r2, r2, #1
 1003 0082 1A70     		strb	r2, [r3]
 202:../sources/TFC/TFC_Terminal.c ****     
 203:../sources/TFC/TFC_Terminal.c ****                     if(i==MAX_TERMINAL_CMD_CHARS)
 1004              		.loc 1 203 0
 1005 0084 FB1D     		add	r3, r7, #7
 1006 0086 1B78     		ldrb	r3, [r3]
 1007 0088 202B     		cmp	r3, #32
 1008 008a 0CD0     		beq	.L66
 1009              	.L46:
 198:../sources/TFC/TFC_Terminal.c ****                  while(TerminalLineBuf[i]>0x20 &&  TerminalLineBuf[i]<0x7f)
 1010              		.loc 1 198 0
 1011 008c FB1D     		add	r3, r7, #7
 1012 008e 1B78     		ldrb	r3, [r3]
 1013 0090 814A     		ldr	r2, .L69+12
 1014 0092 D35C     		ldrb	r3, [r2, r3]
 1015 0094 202B     		cmp	r3, #32
 1016 0096 07D9     		bls	.L47
 198:../sources/TFC/TFC_Terminal.c ****                  while(TerminalLineBuf[i]>0x20 &&  TerminalLineBuf[i]<0x7f)
 1017              		.loc 1 198 0 is_stmt 0
 1018 0098 FB1D     		add	r3, r7, #7
 1019 009a 1B78     		ldrb	r3, [r3]
 1020 009c 7E4A     		ldr	r2, .L69+12
 1021 009e D35C     		ldrb	r3, [r2, r3]
 1022 00a0 7E2B     		cmp	r3, #126
 1023 00a2 E2D9     		bls	.L48
 1024 00a4 00E0     		b	.L47
 1025              	.L66:
 204:../sources/TFC/TFC_Terminal.c ****                         {
 205:../sources/TFC/TFC_Terminal.c ****                          break;
 1026              		.loc 1 205 0 is_stmt 1
 1027 00a6 C046     		mov	r8, r8
 1028              	.L47:
 206:../sources/TFC/TFC_Terminal.c ****                         }
 207:../sources/TFC/TFC_Terminal.c ****                  }
 208:../sources/TFC/TFC_Terminal.c ****                     
 209:../sources/TFC/TFC_Terminal.c ****                 TerminalCmdBuf[i] = 0;
 1029              		.loc 1 209 0
 1030 00a8 FB1D     		add	r3, r7, #7
 1031 00aa 1B78     		ldrb	r3, [r3]
 1032 00ac 7C4A     		ldr	r2, .L69+20
 1033 00ae 0021     		mov	r1, #0
 1034 00b0 D154     		strb	r1, [r2, r3]
 210:../sources/TFC/TFC_Terminal.c ****                 TerminalCmdBuf[i+1] = 0;
 1035              		.loc 1 210 0
 1036 00b2 FB1D     		add	r3, r7, #7
 1037 00b4 1B78     		ldrb	r3, [r3]
 1038 00b6 0133     		add	r3, r3, #1
 1039 00b8 794A     		ldr	r2, .L69+20
 1040 00ba 0021     		mov	r1, #0
 1041 00bc D154     		strb	r1, [r2, r3]
 211:../sources/TFC/TFC_Terminal.c ****                 
 212:../sources/TFC/TFC_Terminal.c ****                 
 213:../sources/TFC/TFC_Terminal.c ****                 ArgsFound = TRUE;
 1042              		.loc 1 213 0
 1043 00be 7B1D     		add	r3, r7, #5
 1044 00c0 0122     		mov	r2, #1
 1045 00c2 1A70     		strb	r2, [r3]
 214:../sources/TFC/TFC_Terminal.c ****                 memset(TerminalArgs,0x00,sizeof(TerminalArgs));
 1046              		.loc 1 214 0
 1047 00c4 774B     		ldr	r3, .L69+24
 1048 00c6 181C     		mov	r0, r3
 1049 00c8 0021     		mov	r1, #0
 1050 00ca 2022     		mov	r2, #32
 1051 00cc FFF7FEFF 		bl	memset
 215:../sources/TFC/TFC_Terminal.c ****                 //scan for num terminator or next non whitespace
 216:../sources/TFC/TFC_Terminal.c ****                 while(TerminalLineBuf[i]<=0x20 && (i<MAX_TERMINAL_LINE_CHARS))
 1052              		.loc 1 216 0
 1053 00d0 0EE0     		b	.L49
 1054              	.L52:
 217:../sources/TFC/TFC_Terminal.c ****                 {
 218:../sources/TFC/TFC_Terminal.c ****                     if(TerminalLineBuf[i] == 0x00)
 1055              		.loc 1 218 0
 1056 00d2 FB1D     		add	r3, r7, #7
 1057 00d4 1B78     		ldrb	r3, [r3]
 1058 00d6 704A     		ldr	r2, .L69+12
 1059 00d8 D35C     		ldrb	r3, [r2, r3]
 1060 00da 002B     		cmp	r3, #0
 1061 00dc 03D1     		bne	.L50
 219:../sources/TFC/TFC_Terminal.c ****                     {
 220:../sources/TFC/TFC_Terminal.c ****                     
 221:../sources/TFC/TFC_Terminal.c ****                         //if we find a NULL terminator before a non whitespace character they flag 
 222:../sources/TFC/TFC_Terminal.c ****                         ArgsFound = FALSE;
 1062              		.loc 1 222 0
 1063 00de 7B1D     		add	r3, r7, #5
 1064 00e0 0022     		mov	r2, #0
 1065 00e2 1A70     		strb	r2, [r3]
 223:../sources/TFC/TFC_Terminal.c ****                         break;
 1066              		.loc 1 223 0
 1067 00e4 0EE0     		b	.L51
 1068              	.L50:
 224:../sources/TFC/TFC_Terminal.c ****                     }   
 225:../sources/TFC/TFC_Terminal.c ****                     i++; 
 1069              		.loc 1 225 0
 1070 00e6 FB1D     		add	r3, r7, #7
 1071 00e8 FA1D     		add	r2, r7, #7
 1072 00ea 1278     		ldrb	r2, [r2]
 1073 00ec 0132     		add	r2, r2, #1
 1074 00ee 1A70     		strb	r2, [r3]
 1075              	.L49:
 216:../sources/TFC/TFC_Terminal.c ****                 while(TerminalLineBuf[i]<=0x20 && (i<MAX_TERMINAL_LINE_CHARS))
 1076              		.loc 1 216 0
 1077 00f0 FB1D     		add	r3, r7, #7
 1078 00f2 1B78     		ldrb	r3, [r3]
 1079 00f4 684A     		ldr	r2, .L69+12
 1080 00f6 D35C     		ldrb	r3, [r2, r3]
 1081 00f8 202B     		cmp	r3, #32
 1082 00fa 03D8     		bhi	.L51
 216:../sources/TFC/TFC_Terminal.c ****                 while(TerminalLineBuf[i]<=0x20 && (i<MAX_TERMINAL_LINE_CHARS))
 1083              		.loc 1 216 0 is_stmt 0
 1084 00fc FB1D     		add	r3, r7, #7
 1085 00fe 1B78     		ldrb	r3, [r3]
 1086 0100 3F2B     		cmp	r3, #63
 1087 0102 E6D9     		bls	.L52
 1088              	.L51:
 226:../sources/TFC/TFC_Terminal.c ****                 }
 227:../sources/TFC/TFC_Terminal.c ****                 
 228:../sources/TFC/TFC_Terminal.c ****                 if(ArgsFound == TRUE)
 1089              		.loc 1 228 0 is_stmt 1
 1090 0104 7B1D     		add	r3, r7, #5
 1091 0106 1B78     		ldrb	r3, [r3]
 1092 0108 012B     		cmp	r3, #1
 1093 010a 20D1     		bne	.L53
 229:../sources/TFC/TFC_Terminal.c ****                 {
 230:../sources/TFC/TFC_Terminal.c ****                     strcpy(TerminalArgs,&TerminalLineBuf[i]);
 1094              		.loc 1 230 0
 1095 010c FB1D     		add	r3, r7, #7
 1096 010e 1A78     		ldrb	r2, [r3]
 1097 0110 614B     		ldr	r3, .L69+12
 1098 0112 D318     		add	r3, r2, r3
 1099 0114 634A     		ldr	r2, .L69+24
 1100 0116 101C     		mov	r0, r2
 1101 0118 191C     		mov	r1, r3
 1102 011a FFF7FEFF 		bl	strcpy
 231:../sources/TFC/TFC_Terminal.c ****                     
 232:../sources/TFC/TFC_Terminal.c ****                     //trim trailing whitespace
 233:../sources/TFC/TFC_Terminal.c ****                     i = sizeof(TerminalArgs)-1;
 1103              		.loc 1 233 0
 1104 011e FB1D     		add	r3, r7, #7
 1105 0120 1F22     		mov	r2, #31
 1106 0122 1A70     		strb	r2, [r3]
 234:../sources/TFC/TFC_Terminal.c ****                     
 235:../sources/TFC/TFC_Terminal.c ****                     while((TerminalArgs[i]<0x21) && (i>0))
 1107              		.loc 1 235 0
 1108 0124 09E0     		b	.L54
 1109              	.L55:
 236:../sources/TFC/TFC_Terminal.c ****                     {
 237:../sources/TFC/TFC_Terminal.c ****                         TerminalArgs[i]= 0x00;
 1110              		.loc 1 237 0
 1111 0126 FB1D     		add	r3, r7, #7
 1112 0128 1B78     		ldrb	r3, [r3]
 1113 012a 5E4A     		ldr	r2, .L69+24
 1114 012c 0021     		mov	r1, #0
 1115 012e D154     		strb	r1, [r2, r3]
 238:../sources/TFC/TFC_Terminal.c ****                         i--;
 1116              		.loc 1 238 0
 1117 0130 FB1D     		add	r3, r7, #7
 1118 0132 FA1D     		add	r2, r7, #7
 1119 0134 1278     		ldrb	r2, [r2]
 1120 0136 013A     		sub	r2, r2, #1
 1121 0138 1A70     		strb	r2, [r3]
 1122              	.L54:
 235:../sources/TFC/TFC_Terminal.c ****                     while((TerminalArgs[i]<0x21) && (i>0))
 1123              		.loc 1 235 0
 1124 013a FB1D     		add	r3, r7, #7
 1125 013c 1B78     		ldrb	r3, [r3]
 1126 013e 594A     		ldr	r2, .L69+24
 1127 0140 D35C     		ldrb	r3, [r2, r3]
 1128 0142 202B     		cmp	r3, #32
 1129 0144 03D8     		bhi	.L53
 235:../sources/TFC/TFC_Terminal.c ****                     while((TerminalArgs[i]<0x21) && (i>0))
 1130              		.loc 1 235 0 is_stmt 0
 1131 0146 FB1D     		add	r3, r7, #7
 1132 0148 1B78     		ldrb	r3, [r3]
 1133 014a 002B     		cmp	r3, #0
 1134 014c EBD1     		bne	.L55
 1135              	.L53:
 239:../sources/TFC/TFC_Terminal.c ****                     }       
 240:../sources/TFC/TFC_Terminal.c ****                 }
 241:../sources/TFC/TFC_Terminal.c ****                 
 242:../sources/TFC/TFC_Terminal.c ****                 CmdFound = FALSE;
 1136              		.loc 1 242 0 is_stmt 1
 1137 014e 564B     		ldr	r3, .L69+28
 1138 0150 0022     		mov	r2, #0
 1139 0152 1A70     		strb	r2, [r3]
 243:../sources/TFC/TFC_Terminal.c ****                 for(j=0;j<NUM_TERMINAL_COMMANDS;j++)
 1140              		.loc 1 243 0
 1141 0154 BB1D     		add	r3, r7, #6
 1142 0156 0022     		mov	r2, #0
 1143 0158 1A70     		strb	r2, [r3]
 1144 015a 37E0     		b	.L56
 1145              	.L60:
 244:../sources/TFC/TFC_Terminal.c ****                 {           
 245:../sources/TFC/TFC_Terminal.c ****                     if(strcmp(TerminalCmdBuf,MyTerminalCallbackRecords[j].CommandString) == 0)
 1146              		.loc 1 245 0
 1147 015c BB1D     		add	r3, r7, #6
 1148 015e 1A78     		ldrb	r2, [r3]
 1149 0160 5249     		ldr	r1, .L69+32
 1150 0162 131C     		mov	r3, r2
 1151 0164 5B00     		lsl	r3, r3, #1
 1152 0166 9B18     		add	r3, r3, r2
 1153 0168 9B00     		lsl	r3, r3, #2
 1154 016a 5B58     		ldr	r3, [r3, r1]
 1155 016c 4C4A     		ldr	r2, .L69+20
 1156 016e 101C     		mov	r0, r2
 1157 0170 191C     		mov	r1, r3
 1158 0172 FFF7FEFF 		bl	strcmp
 1159 0176 031C     		mov	r3, r0
 1160 0178 002B     		cmp	r3, #0
 1161 017a 22D1     		bne	.L57
 246:../sources/TFC/TFC_Terminal.c ****                     {
 247:../sources/TFC/TFC_Terminal.c ****                         TERMINAL_PRINTF("\r\n");
 1162              		.loc 1 247 0
 1163 017c 474A     		ldr	r2, .L69+16
 1164 017e 4C4B     		ldr	r3, .L69+36
 1165 0180 101C     		mov	r0, r2
 1166 0182 191C     		mov	r1, r3
 1167 0184 FFF7FEFF 		bl	Qprintf
 248:../sources/TFC/TFC_Terminal.c ****                         if(MyTerminalCallbackRecords[j].Callback != NULL)
 1168              		.loc 1 248 0
 1169 0188 BB1D     		add	r3, r7, #6
 1170 018a 1A78     		ldrb	r2, [r3]
 1171 018c 4749     		ldr	r1, .L69+32
 1172 018e 131C     		mov	r3, r2
 1173 0190 5B00     		lsl	r3, r3, #1
 1174 0192 9B18     		add	r3, r3, r2
 1175 0194 9B00     		lsl	r3, r3, #2
 1176 0196 CB18     		add	r3, r1, r3
 1177 0198 0433     		add	r3, r3, #4
 1178 019a 1B68     		ldr	r3, [r3]
 1179 019c 002B     		cmp	r3, #0
 1180 019e 0CD0     		beq	.L58
 249:../sources/TFC/TFC_Terminal.c ****                             MyTerminalCallbackRecords[j].Callback(TerminalArgs);
 1181              		.loc 1 249 0
 1182 01a0 BB1D     		add	r3, r7, #6
 1183 01a2 1A78     		ldrb	r2, [r3]
 1184 01a4 4149     		ldr	r1, .L69+32
 1185 01a6 131C     		mov	r3, r2
 1186 01a8 5B00     		lsl	r3, r3, #1
 1187 01aa 9B18     		add	r3, r3, r2
 1188 01ac 9B00     		lsl	r3, r3, #2
 1189 01ae CB18     		add	r3, r1, r3
 1190 01b0 0433     		add	r3, r3, #4
 1191 01b2 1B68     		ldr	r3, [r3]
 1192 01b4 3B4A     		ldr	r2, .L69+24
 1193 01b6 101C     		mov	r0, r2
 1194 01b8 9847     		blx	r3
 1195              	.L58:
 250:../sources/TFC/TFC_Terminal.c ****                     
 251:../sources/TFC/TFC_Terminal.c ****                         CmdFound = TRUE;
 1196              		.loc 1 251 0
 1197 01ba 3B4B     		ldr	r3, .L69+28
 1198 01bc 0122     		mov	r2, #1
 1199 01be 1A70     		strb	r2, [r3]
 252:../sources/TFC/TFC_Terminal.c ****                         break;
 1200              		.loc 1 252 0
 1201 01c0 08E0     		b	.L59
 1202              	.L57:
 243:../sources/TFC/TFC_Terminal.c ****                 for(j=0;j<NUM_TERMINAL_COMMANDS;j++)
 1203              		.loc 1 243 0
 1204 01c2 BB1D     		add	r3, r7, #6
 1205 01c4 BA1D     		add	r2, r7, #6
 1206 01c6 1278     		ldrb	r2, [r2]
 1207 01c8 0132     		add	r2, r2, #1
 1208 01ca 1A70     		strb	r2, [r3]
 1209              	.L56:
 243:../sources/TFC/TFC_Terminal.c ****                 for(j=0;j<NUM_TERMINAL_COMMANDS;j++)
 1210              		.loc 1 243 0 is_stmt 0
 1211 01cc BB1D     		add	r3, r7, #6
 1212 01ce 1B78     		ldrb	r3, [r3]
 1213 01d0 052B     		cmp	r3, #5
 1214 01d2 C3D9     		bls	.L60
 1215              	.L59:
 253:../sources/TFC/TFC_Terminal.c ****                     }             
 254:../sources/TFC/TFC_Terminal.c ****                 }        
 255:../sources/TFC/TFC_Terminal.c ****                 if(CmdFound == FALSE)
 1216              		.loc 1 255 0 is_stmt 1
 1217 01d4 344B     		ldr	r3, .L69+28
 1218 01d6 1B78     		ldrb	r3, [r3]
 1219 01d8 002B     		cmp	r3, #0
 1220 01da 0BD1     		bne	.L45
 256:../sources/TFC/TFC_Terminal.c ****                 {
 257:../sources/TFC/TFC_Terminal.c ****                   TERMINAL_PRINTF("\r\n%s command not recognized.\r\n\r\n",TerminalCmdBuf);
 1221              		.loc 1 257 0
 1222 01dc 2F49     		ldr	r1, .L69+16
 1223 01de 354A     		ldr	r2, .L69+40
 1224 01e0 2F4B     		ldr	r3, .L69+20
 1225 01e2 081C     		mov	r0, r1
 1226 01e4 111C     		mov	r1, r2
 1227 01e6 1A1C     		mov	r2, r3
 1228 01e8 FFF7FEFF 		bl	Qprintf
 258:../sources/TFC/TFC_Terminal.c ****                   TerminalCmd_Help("no arg");
 1229              		.loc 1 258 0
 1230 01ec 324B     		ldr	r3, .L69+44
 1231 01ee 181C     		mov	r0, r3
 1232 01f0 FFF7FEFF 		bl	TerminalCmd_Help
 1233              	.L45:
 259:../sources/TFC/TFC_Terminal.c ****                   
 260:../sources/TFC/TFC_Terminal.c ****                 }
 261:../sources/TFC/TFC_Terminal.c ****               }    
 262:../sources/TFC/TFC_Terminal.c ****              TERMINAL_PRINTF("\r\n>");
 1234              		.loc 1 262 0
 1235 01f4 294A     		ldr	r2, .L69+16
 1236 01f6 314B     		ldr	r3, .L69+48
 1237 01f8 101C     		mov	r0, r2
 1238 01fa 191C     		mov	r1, r3
 1239 01fc FFF7FEFF 		bl	Qprintf
 263:../sources/TFC/TFC_Terminal.c ****              TerminalPos = 0;
 1240              		.loc 1 263 0
 1241 0200 244B     		ldr	r3, .L69+8
 1242 0202 0022     		mov	r2, #0
 1243 0204 1A70     		strb	r2, [r3]
 264:../sources/TFC/TFC_Terminal.c ****             
 265:../sources/TFC/TFC_Terminal.c ****             break;
 1244              		.loc 1 265 0
 1245 0206 3DE0     		b	.L40
 1246              	.L43:
 266:../sources/TFC/TFC_Terminal.c ****             
 267:../sources/TFC/TFC_Terminal.c ****             case '\b':
 268:../sources/TFC/TFC_Terminal.c ****                 if(TerminalPos > 0)
 1247              		.loc 1 268 0
 1248 0208 224B     		ldr	r3, .L69+8
 1249 020a 1B78     		ldrb	r3, [r3]
 1250 020c 002B     		cmp	r3, #0
 1251 020e 36D0     		beq	.L67
 269:../sources/TFC/TFC_Terminal.c ****                 {
 270:../sources/TFC/TFC_Terminal.c ****                     TerminalPos--;    
 1252              		.loc 1 270 0
 1253 0210 204B     		ldr	r3, .L69+8
 1254 0212 1B78     		ldrb	r3, [r3]
 1255 0214 013B     		sub	r3, r3, #1
 1256 0216 DAB2     		uxtb	r2, r3
 1257 0218 1E4B     		ldr	r3, .L69+8
 1258 021a 1A70     		strb	r2, [r3]
 271:../sources/TFC/TFC_Terminal.c ****                     TERMINAL_PUTC(NextCharIn);
 1259              		.loc 1 271 0
 1260 021c 1C4B     		ldr	r3, .L69+4
 1261 021e 1B78     		ldrb	r3, [r3]
 1262 0220 1E4A     		ldr	r2, .L69+16
 1263 0222 101C     		mov	r0, r2
 1264 0224 191C     		mov	r1, r3
 1265 0226 FFF7FEFF 		bl	ByteEnqueue
 272:../sources/TFC/TFC_Terminal.c ****                 }
 273:../sources/TFC/TFC_Terminal.c ****             break;
 1266              		.loc 1 273 0
 1267 022a 28E0     		b	.L67
 1268              	.L64:
 274:../sources/TFC/TFC_Terminal.c ****             
 275:../sources/TFC/TFC_Terminal.c ****             default:
 276:../sources/TFC/TFC_Terminal.c ****                 
 277:../sources/TFC/TFC_Terminal.c ****                 if(TerminalPos == 0 && NextCharIn == 0x020)
 1269              		.loc 1 277 0
 1270 022c 194B     		ldr	r3, .L69+8
 1271 022e 1B78     		ldrb	r3, [r3]
 1272 0230 002B     		cmp	r3, #0
 1273 0232 03D1     		bne	.L62
 1274              		.loc 1 277 0 is_stmt 0
 1275 0234 164B     		ldr	r3, .L69+4
 1276 0236 1B78     		ldrb	r3, [r3]
 1277 0238 202B     		cmp	r3, #32
 1278 023a 1ED0     		beq	.L65
 1279              	.L62:
 278:../sources/TFC/TFC_Terminal.c ****                 {
 279:../sources/TFC/TFC_Terminal.c ****                      //Do nothing if space bar is pressed at beginning of line    
 280:../sources/TFC/TFC_Terminal.c ****                 }
 281:../sources/TFC/TFC_Terminal.c ****                    else if(NextCharIn >= 0x20 && NextCharIn<0x7F)
 1280              		.loc 1 281 0 is_stmt 1
 1281 023c 144B     		ldr	r3, .L69+4
 1282 023e 1B78     		ldrb	r3, [r3]
 1283 0240 1F2B     		cmp	r3, #31
 1284 0242 1ED9     		bls	.L68
 1285              		.loc 1 281 0 is_stmt 0
 1286 0244 124B     		ldr	r3, .L69+4
 1287 0246 1B78     		ldrb	r3, [r3]
 1288 0248 7E2B     		cmp	r3, #126
 1289 024a 1AD8     		bhi	.L68
 282:../sources/TFC/TFC_Terminal.c ****                 {
 283:../sources/TFC/TFC_Terminal.c ****                     
 284:../sources/TFC/TFC_Terminal.c ****                     if(TerminalPos < MAX_TERMINAL_LINE_CHARS-1)
 1290              		.loc 1 284 0 is_stmt 1
 1291 024c 114B     		ldr	r3, .L69+8
 1292 024e 1B78     		ldrb	r3, [r3]
 1293 0250 3E2B     		cmp	r3, #62
 1294 0252 16D8     		bhi	.L68
 285:../sources/TFC/TFC_Terminal.c ****                     {
 286:../sources/TFC/TFC_Terminal.c ****                          TerminalLineBuf[TerminalPos++] = NextCharIn;
 1295              		.loc 1 286 0
 1296 0254 0F4B     		ldr	r3, .L69+8
 1297 0256 1B78     		ldrb	r3, [r3]
 1298 0258 1A1C     		mov	r2, r3
 1299 025a 0D49     		ldr	r1, .L69+4
 1300 025c 0878     		ldrb	r0, [r1]
 1301 025e 0E49     		ldr	r1, .L69+12
 1302 0260 8854     		strb	r0, [r1, r2]
 1303 0262 0133     		add	r3, r3, #1
 1304 0264 DAB2     		uxtb	r2, r3
 1305 0266 0B4B     		ldr	r3, .L69+8
 1306 0268 1A70     		strb	r2, [r3]
 287:../sources/TFC/TFC_Terminal.c ****                         TERMINAL_PUTC(NextCharIn);
 1307              		.loc 1 287 0
 1308 026a 094B     		ldr	r3, .L69+4
 1309 026c 1B78     		ldrb	r3, [r3]
 1310 026e 0B4A     		ldr	r2, .L69+16
 1311 0270 101C     		mov	r0, r2
 1312 0272 191C     		mov	r1, r3
 1313 0274 FFF7FEFF 		bl	ByteEnqueue
 288:../sources/TFC/TFC_Terminal.c ****                     }
 289:../sources/TFC/TFC_Terminal.c ****                 }
 290:../sources/TFC/TFC_Terminal.c ****             
 291:../sources/TFC/TFC_Terminal.c ****             break;
 1314              		.loc 1 291 0
 1315 0278 03E0     		b	.L68
 1316              	.L65:
 1317 027a C046     		mov	r8, r8
 1318 027c 01E0     		b	.L68
 1319              	.L67:
 273:../sources/TFC/TFC_Terminal.c ****             break;
 1320              		.loc 1 273 0
 1321 027e C046     		mov	r8, r8
 1322 0280 00E0     		b	.L40
 1323              	.L68:
 1324              		.loc 1 291 0
 1325 0282 C046     		mov	r8, r8
 1326              	.L40:
 292:../sources/TFC/TFC_Terminal.c ****         
 293:../sources/TFC/TFC_Terminal.c ****         }
 294:../sources/TFC/TFC_Terminal.c ****     }
 295:../sources/TFC/TFC_Terminal.c ****  
 296:../sources/TFC/TFC_Terminal.c **** }
 1327              		.loc 1 296 0
 1328 0284 BD46     		mov	sp, r7
 1329 0286 02B0     		add	sp, sp, #8
 1330              		@ sp needed for prologue
 1331 0288 80BD     		pop	{r7, pc}
 1332              	.L70:
 1333 028a C046     		.align	2
 1334              	.L69:
 1335 028c 00000000 		.word	SDA_SERIAL_INCOMING_QUEUE
 1336 0290 00000000 		.word	NextCharIn
 1337 0294 00000000 		.word	TerminalPos
 1338 0298 00000000 		.word	TerminalLineBuf
 1339 029c 00000000 		.word	SDA_SERIAL_OUTGOING_QUEUE
 1340 02a0 00000000 		.word	TerminalCmdBuf
 1341 02a4 00000000 		.word	TerminalArgs
 1342 02a8 00000000 		.word	CmdFound
 1343 02ac 00000000 		.word	MyTerminalCallbackRecords
 1344 02b0 30030000 		.word	.LC76
 1345 02b4 34030000 		.word	.LC78
 1346 02b8 58030000 		.word	.LC80
 1347 02bc 60030000 		.word	.LC82
 1348              		.cfi_endproc
 1349              	.LFE9:
 1351              		.text
 1352              	.Letext0:
 1353              		.file 2 "C:/Freescale/CW MCU v10.5/MCU/ARM_GCC_Support/ewl/EWL_C/include/cstdint"
 1354              		.file 3 "H:/CodeWarrior/freescale-line/freescale-line/Project_Headers/MKL25Z4.h"
 1355              		.file 4 "H:/CodeWarrior/freescale-line/freescale-line/Project_Headers/TFC\\TFC_Queue.h"
 1356              		.file 5 "H:/CodeWarrior/freescale-line/freescale-line/Project_Headers/TFC\\TFC_LineScanCamera.h"
 1357              		.file 6 "H:/CodeWarrior/freescale-line/freescale-line/Project_Headers/TFC\\TFC_UART.h"
DEFINED SYMBOLS
                            *ABS*:00000000 TFC_Terminal.c
C:\Users\TAMIMI~1\AppData\Local\Temp\ccRP5Fkb.s:59     .data.MyTerminalCallbackRecords:00000000 MyTerminalCallbackRecords
C:\Users\TAMIMI~1\AppData\Local\Temp\ccRP5Fkb.s:19     .rodata:00000000 $d
C:\Users\TAMIMI~1\AppData\Local\Temp\ccRP5Fkb.s:56     .data.MyTerminalCallbackRecords:00000000 $d
C:\Users\TAMIMI~1\AppData\Local\Temp\ccRP5Fkb.s:232    .text.TerminalCmd_Help:00000000 TerminalCmd_Help
C:\Users\TAMIMI~1\AppData\Local\Temp\ccRP5Fkb.s:490    .text.TerminalCmd_GetLineScan:00000000 TerminalCmd_GetLineScan
C:\Users\TAMIMI~1\AppData\Local\Temp\ccRP5Fkb.s:677    .text.TerminalCmd_S:00000000 TerminalCmd_S
C:\Users\TAMIMI~1\AppData\Local\Temp\ccRP5Fkb.s:791    .text.TerminalCmd_H:00000000 TerminalCmd_H
C:\Users\TAMIMI~1\AppData\Local\Temp\ccRP5Fkb.s:375    .text.TerminalCmd_E:00000000 TerminalCmd_E
C:\Users\TAMIMI~1\AppData\Local\Temp\ccRP5Fkb.s:426    .text.TerminalCmd_D:00000000 TerminalCmd_D
                            *COM*:00000040 TerminalLineBuf
                            *COM*:00000001 TerminalPos
                            *COM*:00000021 TerminalCmdBuf
                            *COM*:00000020 TerminalArgs
                            *COM*:00000001 NextCharIn
                            *COM*:00000001 CmdFound
C:\Users\TAMIMI~1\AppData\Local\Temp\ccRP5Fkb.s:105    .text.TerminalBootMsg:00000000 $t
C:\Users\TAMIMI~1\AppData\Local\Temp\ccRP5Fkb.s:110    .text.TerminalBootMsg:00000000 TerminalBootMsg
C:\Users\TAMIMI~1\AppData\Local\Temp\ccRP5Fkb.s:166    .text.TerminalBootMsg:00000050 $d
C:\Users\TAMIMI~1\AppData\Local\Temp\ccRP5Fkb.s:177    .text.TFC_InitTerminal:00000000 $t
C:\Users\TAMIMI~1\AppData\Local\Temp\ccRP5Fkb.s:182    .text.TFC_InitTerminal:00000000 TFC_InitTerminal
C:\Users\TAMIMI~1\AppData\Local\Temp\ccRP5Fkb.s:211    .text.TFC_InitTerminal:00000018 $d
C:\Users\TAMIMI~1\AppData\Local\Temp\ccRP5Fkb.s:227    .text.TerminalCmd_Help:00000000 $t
C:\Users\TAMIMI~1\AppData\Local\Temp\ccRP5Fkb.s:324    .text.TerminalCmd_Help:0000008c $d
C:\Users\TAMIMI~1\AppData\Local\Temp\ccRP5Fkb.s:334    .text.TerminalCmd_Reboot:00000000 $t
C:\Users\TAMIMI~1\AppData\Local\Temp\ccRP5Fkb.s:339    .text.TerminalCmd_Reboot:00000000 TerminalCmd_Reboot
C:\Users\TAMIMI~1\AppData\Local\Temp\ccRP5Fkb.s:370    .text.TerminalCmd_E:00000000 $t
C:\Users\TAMIMI~1\AppData\Local\Temp\ccRP5Fkb.s:410    .text.TerminalCmd_E:00000024 $d
C:\Users\TAMIMI~1\AppData\Local\Temp\ccRP5Fkb.s:421    .text.TerminalCmd_D:00000000 $t
C:\Users\TAMIMI~1\AppData\Local\Temp\ccRP5Fkb.s:465    .text.TerminalCmd_D:0000002c $d
C:\Users\TAMIMI~1\AppData\Local\Temp\ccRP5Fkb.s:485    .text.TerminalCmd_GetLineScan:00000000 $t
C:\Users\TAMIMI~1\AppData\Local\Temp\ccRP5Fkb.s:646    .text.TerminalCmd_GetLineScan:000000f8 $d
C:\Users\TAMIMI~1\AppData\Local\Temp\ccRP5Fkb.s:672    .text.TerminalCmd_S:00000000 $t
C:\Users\TAMIMI~1\AppData\Local\Temp\ccRP5Fkb.s:767    .text.TerminalCmd_S:00000094 $d
C:\Users\TAMIMI~1\AppData\Local\Temp\ccRP5Fkb.s:786    .text.TerminalCmd_H:00000000 $t
C:\Users\TAMIMI~1\AppData\Local\Temp\ccRP5Fkb.s:886    .text.TerminalCmd_H:000000a0 $d
C:\Users\TAMIMI~1\AppData\Local\Temp\ccRP5Fkb.s:908    .text.TFC_ProcessTerminal:00000000 $t
C:\Users\TAMIMI~1\AppData\Local\Temp\ccRP5Fkb.s:913    .text.TFC_ProcessTerminal:00000000 TFC_ProcessTerminal
C:\Users\TAMIMI~1\AppData\Local\Temp\ccRP5Fkb.s:1335   .text.TFC_ProcessTerminal:0000028c $d
                     .debug_frame:00000010 $d

UNDEFINED SYMBOLS
Qprintf
SDA_SERIAL_OUTGOING_QUEUE
TFC_SetPWMLookup
LineScanImage0
LineScanImage1
__aeabi_i2f
__aeabi_fdiv
sscanf
TFC_SetServo
__aeabi_f2iz
BytesInQueue
ForcedByteDequeue
ByteEnqueue
memset
strcpy
strcmp
SDA_SERIAL_INCOMING_QUEUE
